2026-05-04 20:19:41,539 [INFO] 채팅봇: ⏰ [동기화] Airflow 기준 시각(Base Time): 2026-05-04T11:19:38.929167+00:00
2026-05-04 20:19:41,547 [INFO] 채팅봇: Found credentials in environment variables.
2026-05-04 20:19:41,598 [INFO] 채팅봇: ==================================================
2026-05-04 20:19:41,599 [INFO] 채팅봇: 💬 채팅봇 세팅 완료! 대기 없이 즉시 송출을 시작합니다.
2026-05-04 20:19:41,600 [INFO] 채팅봇: ==================================================
2026-05-04 20:19:42,051 [INFO] 채팅봇: ✅ 총 32674개의 채팅 발사! 🚀
2026-05-04 20:19:50,804 [INFO] 채팅봇: 📊 50/32674 전송 중 | 💬 @ziggurat6262: blg 밴픽 이겼다...
2026-05-04 20:20:03,171 [INFO] 채팅봇: 📊 100/32674 전송 중 | 💬 @광사마-t6e: 의심하자...
2026-05-04 20:20:16,235 [INFO] 채팅봇: 📊 150/32674 전송 중 | 💬 @에쎄-i2l: :cross_mark::ho...
2026-05-04 20:20:27,260 [INFO] 채팅봇: 📊 200/32674 전송 중 | 💬 @김태영-s8q: 인베 제발 당하지 말아줘...
2026-05-04 20:20:40,280 [INFO] 채팅봇: 📊 250/32674 전송 중 | 💬 @milk100box: 힘내 티원...
2026-05-04 20:20:53,792 [INFO] 채팅봇: 📊 300/32674 전송 중 | 💬 @지민꽁: 못이기면 오바긴해...
2026-05-04 20:21:06,562 [INFO] 채팅봇: 📊 350/32674 전송 중 | 💬 @뚠뚠이-d5q: 결승이니 5꽉 가자...
2026-05-04 20:21:18,286 [INFO] 채팅봇: 📊 400/32674 전송 중 | 💬 @Xuankangta0701: :cross_mark::ho...
2026-05-04 20:21:28,662 [INFO] 채팅봇: 📊 450/32674 전송 중 | 💬 @하댕-o8x: 꽉수빈 닉값하쟈...
2026-05-04 20:21:36,906 [INFO] 채팅봇: 📊 500/32674 전송 중 | 💬 @애무부장관: 노인네 템 안샀네...
2026-05-04 20:21:51,143 [INFO] 채팅봇: 📊 550/32674 전송 중 | 💬 @가자고가야지: Blg우승임 밴픽부터 짐...
2026-05-04 20:22:14,171 [INFO] 채팅봇: 📊 600/32674 전송 중 | 💬 @takefaketake: 어우 네이버 채팅 너무 더러...
2026-05-04 20:22:51,376 [INFO] 채팅봇: 📊 650/32674 전송 중 | 💬 @신우신-h7j: 어어엉...
2026-05-04 20:23:45,047 [INFO] 채팅봇: 📊 700/32674 전송 중 | 💬 @919iwi: 젠지도 밴픽 ㅂs 같이 하는...
2026-05-04 20:24:25,146 [INFO] 채팅봇: 📊 750/32674 전송 중 | 💬 @건이-v2k: 비사아아아아아아앙...
2026-05-04 20:24:37,214 [INFO] 채팅봇: 📊 800/32674 전송 중 | 💬 @개구리의식도락: 에휴 개터졌네 진짜...
2026-05-04 20:24:50,461 [INFO] 채팅봇: 📊 850/32674 전송 중 | 💬 @진찬규: 어쩔 수 없다 2024롤드컵...
2026-05-04 20:25:08,580 [INFO] 채팅봇: 📊 900/32674 전송 중 | 💬 @hlc318: 비어강...
2026-05-04 20:25:37,378 [INFO] 채팅봇: 📊 950/32674 전송 중 | 💬 @홍진우-z5u: 따이후앙슼...
2026-05-04 20:25:49,510 [INFO] 채팅봇: 📊 1000/32674 전송 중 | 💬 @히로-j1z: 빈은 빼는데 제우스 째는 왜...
2026-05-04 20:26:06,174 [INFO] 채팅봇: 📊 1050/32674 전송 중 | 💬 @쎈-l5p: 개 모하내 ㅋㅋ...
2026-05-04 20:26:18,707 [INFO] 채팅봇: 📊 1100/32674 전송 중 | 💬 @orger3967: 뭐 국제망신이라는 애들은 일...
2026-05-04 20:26:35,058 [INFO] 채팅봇: 📊 1150/32674 전송 중 | 💬 @kiminthenorth462: T1 올해 무관 가나요...
2026-05-04 20:27:02,768 [INFO] 채팅봇: 📊 1200/32674 전송 중 | 💬 @은우서-n5o: 이유가 뭐냐...
2026-05-04 20:27:14,218 [INFO] 채팅봇: 📊 1250/32674 전송 중 | 💬 @주재영-n4v: ㅈㅈ...
2026-05-04 20:27:26,151 [INFO] 채팅봇: 📊 1300/32674 전송 중 | 💬 @표동-v4i: 오너는 뭐하지.....
2026-05-04 20:27:39,376 [INFO] 채팅봇: 📊 1350/32674 전송 중 | 💬 @이승민-o3x: 우승한거마냥 까불던 슼갈글 ...
2026-05-04 20:27:52,538 [INFO] 채팅봇: 📊 1400/32674 전송 중 | 💬 @EmiyaMulzomdao159: 888484...
2026-05-04 20:28:11,135 [INFO] 채팅봇: 📊 1450/32674 전송 중 | 💬 @지나가는사람-y4n: 티원팬들 깝치는거 보기 싫었...
2026-05-04 20:28:33,311 [INFO] 채팅봇: 📊 1500/32674 전송 중 | 💬 @쿠리모리-s1k: 티원 파이팅!!!!!!!...
2026-05-04 20:29:11,442 [INFO] 채팅봇: 📊 1550/32674 전송 중 | 💬 @Alchamapia: 찌엔지팬분들 지셨으면 방 빼...
2026-05-04 20:29:39,945 [INFO] 채팅봇: 📊 1600/32674 전송 중 | 💬 @Stone1231_1: 와 티원 3ㄷ1을 당하네;;...
2026-05-04 20:30:06,781 [INFO] 채팅봇: 📊 1650/32674 전송 중 | 💬 @곰-w2i: 캠보니까 애들이 수척해졌네...
2026-05-04 20:30:40,836 [INFO] 채팅봇: 📊 1700/32674 전송 중 | 💬 @함하까: 풀꽉 가서 젠지가 올라갔어야...
2026-05-04 20:31:06,290 [INFO] 채팅봇: 📊 1750/32674 전송 중 | 💬 @SB11109: 비 어 강...
2026-05-04 20:31:29,438 [INFO] 채팅봇: 📊 1800/32674 전송 중 | 💬 @NAAARUUU-t7s: 5번째 우승은.... (중국...
2026-05-04 20:31:34,367 [INFO] 채팅봇: 📊 1850/32674 전송 중 | 💬 @유성-d8l: 대상혁...
2026-05-04 20:31:41,401 [INFO] 채팅봇: 📊 1900/32674 전송 중 | 💬 @Irogya: 보여주나...
2026-05-04 20:31:56,924 [INFO] 채팅봇: 📊 1950/32674 전송 중 | 💬 @joonseungus: 대상혁...
2026-05-04 20:32:11,951 [INFO] 채팅봇: 📊 2000/32674 전송 중 | 💬 @ddongdance: 대상혁...
2026-05-04 20:32:30,208 [INFO] 채팅봇: 📊 2050/32674 전송 중 | 💬 @laarvee: 비엘지 우승 가즈아 %% 한...
2026-05-04 20:32:51,260 [INFO] 채팅봇: 📊 2100/32674 전송 중 | 💬 @강주영-m8q: 스몰더 스택 쌓이면 어쩔건데...
2026-05-04 20:33:27,183 [INFO] 채팅봇: 📊 2150/32674 전송 중 | 💬 @규빈-d7u: 제발...
2026-05-04 20:34:05,171 [INFO] 채팅봇: 📊 2200/32674 전송 중 | 💬 @siskenr: ㄷ ㅐ상혁...
2026-05-04 20:35:07,105 [INFO] 채팅봇: 📊 2250/32674 전송 중 | 💬 @veritasluxmea0411: /대상혁 불사왕 모드 ON...
2026-05-04 20:35:25,890 [INFO] 채팅봇: 📊 2300/32674 전송 중 | 💬 @Iron__king: 와...
2026-05-04 20:35:38,505 [INFO] 채팅봇: 📊 2350/32674 전송 중 | 💬 @둘뿐이네에: ㅅㅅㅅㅅ...
2026-05-04 20:35:51,951 [INFO] 채팅봇: 📊 2400/32674 전송 중 | 💬 @주연-q7i: 나이스 ㄷㄷ...
2026-05-04 20:36:09,406 [INFO] 채팅봇: 📊 2450/32674 전송 중 | 💬 @womyn_4693: 제잘 제발 제발 제발...
2026-05-04 20:36:38,954 [INFO] 채팅봇: 📊 2500/32674 전송 중 | 💬 @nightis_young: 어차피 후반가면 안됨ㅋㅋㅋㅋ...
2026-05-04 20:36:46,956 [INFO] 채팅봇: 📊 2550/32674 전송 중 | 💬 @changhunlee9791: 데펴놓음...
2026-05-04 20:37:01,353 [INFO] 채팅봇: 📊 2600/32674 전송 중 | 💬 @alswns148: 와 페이커 진짜 혼자 운영 ...
2026-05-04 20:37:15,962 [INFO] 채팅봇: 📊 2650/32674 전송 중 | 💬 @헌-z4g: 제발 부 탁해요 신상혁...
2026-05-04 20:37:37,629 [INFO] 채팅봇: 📊 2700/32674 전송 중 | 💬 @Dolmaeng2e: SKT T1 Faker 의 ...
2026-05-04 20:38:00,120 [INFO] 채팅봇: 📊 2750/32674 전송 중 | 💬 @김뮴: ㅈㅈ...
2026-05-04 20:38:09,588 [INFO] 채팅봇: 📊 2800/32674 전송 중 | 💬 @shyguy3999: 띵 ㅋㅋ...
2026-05-04 20:38:27,063 [INFO] 채팅봇: 📊 2850/32674 전송 중 | 💬 @농장-c4t: 게임 갔다...
2026-05-04 20:38:41,294 [INFO] 채팅봇: 📊 2900/32674 전송 중 | 💬 @leeoks4115: 갔어 애들아 밸류 차이 개심...
2026-05-04 20:39:04,754 [INFO] 채팅봇: 📊 2950/32674 전송 중 | 💬 @이희재-d9f: 미드도 아니고 탑 포탑에 쳐...
2026-05-04 20:39:29,542 [INFO] 채팅봇: 📊 3000/32674 전송 중 | 💬 @sssseeeuuunnn: 빌리빌리게이밍...
2026-05-04 20:39:46,318 [INFO] 채팅봇: 📊 3050/32674 전송 중 | 💬 @jaylee7057: 관상은 과학...
2026-05-04 20:40:01,165 [INFO] 채팅봇: 📊 3100/32674 전송 중 | 💬 @sad_raco: 궁이 2개가 노네 진짜...
2026-05-04 20:40:26,652 [INFO] 채팅봇: 📊 3150/32674 전송 중 | 💬 @튀밥냥-o6b: 자꾸 말도안되는 희망좀 갖지...
2026-05-04 20:40:51,086 [INFO] 채팅봇: 📊 3200/32674 전송 중 | 💬 @아즈마쇼이치: BLG는 어떻게 강팀이 되었...
2026-05-04 20:41:29,326 [INFO] 채팅봇: 📊 3250/32674 전송 중 | 💬 @limited_area: 티원 이기쟈...
2026-05-04 20:42:05,054 [INFO] 채팅봇: 📊 3300/32674 전송 중 | 💬 @조똥이-v3l: 이기자 티원 응원하자...
2026-05-04 20:42:18,381 [INFO] 채팅봇: 📊 3350/32674 전송 중 | 💬 @인기아이템: 스몰더 어케할건데...
2026-05-04 20:42:23,290 [INFO] 채팅봇: 📊 3400/32674 전송 중 | 💬 @jerrrrrrry: 빠커!!...
2026-05-04 20:42:28,864 [INFO] 채팅봇: 📊 3450/32674 전송 중 | 💬 @이성진-y6y3l: 대상혁!!!!!!...
2026-05-04 20:42:44,930 [INFO] 채팅봇: 📊 3500/32674 전송 중 | 💬 @최현준-c8s: 대상혁...
2026-05-04 20:42:59,844 [INFO] 채팅봇: 📊 3550/32674 전송 중 | 💬 @aris-sz6cq: 대 상 혁...
2026-05-04 20:43:13,987 [INFO] 채팅봇: 📊 3600/32674 전송 중 | 💬 @김정훈-k6k: 대 상 혁...
2026-05-04 20:43:41,485 [INFO] 채팅봇: 📊 3650/32674 전송 중 | 💬 @Jamesnet_Studio: 신상혁...
2026-05-04 20:43:50,895 [INFO] 채팅봇: 📊 3700/32674 전송 중 | 💬 @지깡이다: ㅋㅋ개욱4ㅣ다...
2026-05-04 20:44:02,750 [INFO] 채팅봇: 📊 3750/32674 전송 중 | 💬 @mozzi1566: 진짜 GOAT 시여.......
2026-05-04 20:44:21,049 [INFO] 채팅봇: 📊 3800/32674 전송 중 | 💬 @인생-u3r: 대 상 혁...
2026-05-04 20:44:39,253 [INFO] 채팅봇: 📊 3850/32674 전송 중 | 💬 @앙기모-k6x6w: 3대1로 진다...
2026-05-04 20:45:04,726 [INFO] 채팅봇: 📊 3900/32674 전송 중 | 💬 @dtg-s4d: 온신 시원하게 꼬라박자...
2026-05-04 20:45:34,472 [INFO] 채팅봇: 📊 3950/32674 전송 중 | 💬 @정재호-o7x: 구마 개빡딜이다;...
2026-05-04 20:45:49,854 [INFO] 채팅봇: 📊 4000/32674 전송 중 | 💬 @TV-sz4bc: 대상혁...
2026-05-04 20:46:05,947 [INFO] 채팅봇: 📊 4050/32674 전송 중 | 💬 @헛슁: 대상혁 ...
2026-05-04 20:46:19,012 [INFO] 채팅봇: 📊 4100/32674 전송 중 | 💬 @user-vb4dw3rs6s: 페이커 존야까지 썻으면 완벽...
2026-05-04 20:46:35,183 [INFO] 채팅봇: 📊 4150/32674 전송 중 | 💬 @맞춤법지적합니다: 그 미드 드립 쳐봐 ㅋㅋㅋㅋ...
2026-05-04 20:46:46,414 [INFO] 채팅봇: 📊 4200/32674 전송 중 | 💬 @youngminlee2018: 쵸비는 절대 저렇게 못하는 ...
2026-05-04 20:47:01,844 [INFO] 채팅봇: 📊 4250/32674 전송 중 | 💬 @ABCD-sq5hq: 쵸비는 월즈 몇킬임?...
2026-05-04 20:47:20,548 [INFO] 채팅봇: 📊 4300/32674 전송 중 | 💬 @womyn_4693: 방심하지마 제발...
2026-05-04 20:47:44,231 [INFO] 채팅봇: 📊 4350/32674 전송 중 | 💬 @NOEYO4: 티원 화이팅...
2026-05-04 20:48:17,383 [INFO] 채팅봇: 📊 4400/32674 전송 중 | 💬 @seokam87: 국위선양 미춌다.....
2026-05-04 20:48:46,326 [INFO] 채팅봇: 📊 4450/32674 전송 중 | 💬 @가디건: 신짱혁...
2026-05-04 20:48:50,717 [INFO] 채팅봇: 📊 4500/32674 전송 중 | 💬 @byya2395: 와 ㅋㅋㅋ...
2026-05-04 20:48:57,831 [INFO] 채팅봇: 📊 4550/32674 전송 중 | 💬 @찬크-q3p: 대 상 혁...
2026-05-04 20:49:16,025 [INFO] 채팅봇: 📊 4600/32674 전송 중 | 💬 @아량-p3r: ㅅ바 대상혁...
2026-05-04 20:49:33,490 [INFO] 채팅봇: 📊 4650/32674 전송 중 | 💬 @renjun_says_uhmuhnii: 지린다...
2026-05-04 20:49:39,971 [INFO] 채팅봇: 📊 4700/32674 전송 중 | 💬 @neibalry: 대상혁...
2026-05-04 20:49:54,721 [INFO] 채팅봇: 📊 4750/32674 전송 중 | 💬 @LikeItJayCEE: 대 상 혁...
2026-05-04 20:50:13,252 [INFO] 채팅봇: 📊 4800/32674 전송 중 | 💬 @o-vs9ce: 우와...
2026-05-04 20:50:21,237 [INFO] 채팅봇: 📊 4850/32674 전송 중 | 💬 @photojr-om: 페이커!!!!...
2026-05-04 20:50:33,976 [INFO] 채팅봇: 📊 4900/32674 전송 중 | 💬 @이재민-h4z: 대 상 혁...
2026-05-04 20:50:55,988 [INFO] 채팅봇: 📊 4950/32674 전송 중 | 💬 @peter_collecting: 애쉬 스킨 뭐냐...
2026-05-04 20:51:14,590 [INFO] 채팅봇: 📊 5000/32674 전송 중 | 💬 @audahis: 무슨 음악 말하는거여...
2026-05-04 20:52:02,017 [INFO] 채팅봇: 📊 5050/32674 전송 중 | 💬 @노블러: 스몰더 이벤트 ㅋㅋ...
2026-05-04 20:52:38,577 [INFO] 채팅봇: 📊 5100/32674 전송 중 | 💬 @마태-t9m: 티원 화이팅...
2026-05-04 20:53:02,586 [INFO] 채팅봇: 📊 5150/32674 전송 중 | 💬 @음음-f9j: 나이스...
2026-05-04 20:53:11,531 [INFO] 채팅봇: 📊 5200/32674 전송 중 | 💬 @다람쥐-i4x: 온 오프 ㅋㅋㅋㅋ...
2026-05-04 20:53:32,771 [INFO] 채팅봇: 📊 5250/32674 전송 중 | 💬 @카이레스-x5p: 와 페이커!!...
2026-05-04 20:53:41,211 [INFO] 채팅봇: 📊 5300/32674 전송 중 | 💬 @강도-kdw: 와...
2026-05-04 20:53:53,850 [INFO] 채팅봇: 📊 5350/32674 전송 중 | 💬 @seungjin-.-: 대상혁...
2026-05-04 20:54:07,831 [INFO] 채팅봇: 📊 5400/32674 전송 중 | 💬 @chanwwoo: 대 대 대 대 상 혁...
2026-05-04 20:54:19,868 [INFO] 채팅봇: 📊 5450/32674 전송 중 | 💬 @alpaka-j1x: 대상혁...
2026-05-04 20:54:29,764 [INFO] 채팅봇: 📊 5500/32674 전송 중 | 💬 @성이름-b4e2d: :smiling_face_w...
2026-05-04 20:54:41,645 [INFO] 채팅봇: 📊 5550/32674 전송 중 | 💬 @한정훈-q7p: 대….오아ㅜ...
2026-05-04 20:54:51,132 [INFO] 채팅봇: 📊 5600/32674 전송 중 | 💬 @Yongwoo0302: 대 상 혁.....
2026-05-04 20:55:00,141 [INFO] 채팅봇: 📊 5650/32674 전송 중 | 💬 @진이-n7u: 하...
2026-05-04 20:55:02,959 [INFO] 채팅봇: 📊 5700/32674 전송 중 | 💬 @이샤가: 가는거야 우승까지...
2026-05-04 20:55:05,207 [INFO] 채팅봇: 📊 5750/32674 전송 중 | 💬 @누누기리: 진짜 대상혁이 다했다...
2026-05-04 20:55:07,661 [INFO] 채팅봇: 📊 5800/32674 전송 중 | 💬 @mongeland: 젠지가 눕는 조합 대처법 다...
2026-05-04 20:55:10,136 [INFO] 채팅봇: 📊 5850/32674 전송 중 | 💬 @lluzzzrok: 상혁이형 우리맘 서커스고마해...
2026-05-04 20:55:12,713 [INFO] 채팅봇: 📊 5900/32674 전송 중 | 💬 @user-starjjj1234: 우와...
2026-05-04 20:55:15,798 [INFO] 채팅봇: 📊 5950/32674 전송 중 | 💬 @GNAWH02: 기분 좋다...
2026-05-04 20:55:18,642 [INFO] 채팅봇: 📊 6000/32674 전송 중 | 💬 @Minchank: 사일 벤하겠내 ㅋㅋㅋ...
2026-05-04 20:55:22,468 [INFO] 채팅봇: 📊 6050/32674 전송 중 | 💬 @JRoad: 대상혁...
2026-05-04 20:55:25,173 [INFO] 채팅봇: 📊 6100/32674 전송 중 | 💬 @소지승: 진짜 대 상 혁...
2026-05-04 20:55:28,171 [INFO] 채팅봇: 📊 6150/32674 전송 중 | 💬 @yeat.025: 제발...
2026-05-04 20:55:38,709 [INFO] 채팅봇: 📊 6200/32674 전송 중 | 💬 @ZZZ-e9r: 와 사일러스 ㅈㄴ 잘하네...
2026-05-04 20:55:54,500 [INFO] 채팅봇: 📊 6250/32674 전송 중 | 💬 @샛별아랑: 신 상 혁...
2026-05-04 20:56:05,095 [INFO] 채팅봇: 📊 6300/32674 전송 중 | 💬 @둔기성애자: 결승 5꽉으로 내 눈으로 보...
2026-05-04 20:56:16,361 [INFO] 채팅봇: 📊 6350/32674 전송 중 | 💬 @ds5fdfaa-n2h: 잠좀자자 ㅋㅋ...
2026-05-04 20:56:28,146 [INFO] 채팅봇: 📊 6400/32674 전송 중 | 💬 @추정운-r8c: 존나재밌네 ㅋㅋ결승전...
2026-05-04 20:56:44,078 [INFO] 채팅봇: 📊 6450/32674 전송 중 | 💬 @alopseuej183: 비어강 외쳐...
2026-05-04 20:56:58,669 [INFO] 채팅봇: 📊 6500/32674 전송 중 | 💬 @yongsyongs7442: 제발 레드밴픽 조커 끄내자...
2026-05-04 20:57:13,874 [INFO] 채팅봇: 📊 6550/32674 전송 중 | 💬 @너모세: 와대상혁...
2026-05-04 20:57:26,945 [INFO] 채팅봇: 📊 6600/32674 전송 중 | 💬 @jxxnhk: T1파이팅우승까지 단 한걸음...
2026-05-04 20:57:40,619 [INFO] 채팅봇: 📊 6650/32674 전송 중 | 💬 @cjoung4978: 진짜 페이커형님 너무 존경하...
2026-05-04 20:57:52,732 [INFO] 채팅봇: 📊 6700/32674 전송 중 | 💬 @longgu0_0: 우물다이브 어이가없네 ㅋㅋ...
2026-05-04 20:57:59,650 [INFO] 채팅봇: 📊 6750/32674 전송 중 | 💬 @미년그랩장인: 크...
2026-05-04 20:58:14,984 [INFO] 채팅봇: 📊 6800/32674 전송 중 | 💬 @zeroduke: 비어강 비어강 티원 화이팅...
2026-05-04 20:58:33,019 [INFO] 채팅봇: 📊 6850/32674 전송 중 | 💬 @탁은총: 제발 이기자...
2026-05-04 20:58:55,297 [INFO] 채팅봇: 📊 6900/32674 전송 중 | 💬 @최종현-t8e: 대상혁...
2026-05-04 20:59:11,987 [INFO] 채팅봇: 📊 6950/32674 전송 중 | 💬 @chanyogi00: 대상혁......
2026-05-04 20:59:24,246 [INFO] 채팅봇: 📊 7000/32674 전송 중 | 💬 @박동진-h4i: 제발...
2026-05-04 20:59:37,152 [INFO] 채팅봇: 📊 7050/32674 전송 중 | 💬 @greatmessigoat: 비어강...
2026-05-04 20:59:49,377 [INFO] 채팅봇: 📊 7100/32674 전송 중 | 💬 @윤영오-h9j: :elbowcough::el...
2026-05-04 21:00:04,851 [INFO] 채팅봇: 📊 7150/32674 전송 중 | 💬 @Seble_0: 대상혁...
2026-05-04 21:00:15,443 [INFO] 채팅봇: 📊 7200/32674 전송 중 | 💬 @mealkeyway777: 제발이겨라...
2026-05-04 21:00:29,848 [INFO] 채팅봇: 📊 7250/32674 전송 중 | 💬 @바보랑은논쟁안함: 비어강비어강...
2026-05-04 21:00:40,945 [INFO] 채팅봇: 📊 7300/32674 전송 중 | 💬 @rainbow_tteok: 제발...
2026-05-04 21:00:52,636 [INFO] 채팅봇: 📊 7350/32674 전송 중 | 💬 @hm1s-l3m: drx도 패승패승승이었어 가...
2026-05-04 21:01:04,690 [INFO] 채팅봇: 📊 7400/32674 전송 중 | 💬 @삶은고구마-c2p: 넘떨린다,,,,...
2026-05-04 21:01:17,242 [INFO] 채팅봇: 📊 7450/32674 전송 중 | 💬 @보성편돌이: 상혁이형 한번 만 진짜 마지...
2026-05-04 21:01:31,800 [INFO] 채팅봇: 📊 7500/32674 전송 중 | 💬 @Lifestarrr: 아멘...
2026-05-04 21:01:43,995 [INFO] 채팅봇: 📊 7550/32674 전송 중 | 💬 @Caddooo-fex: 대상혁...
2026-05-04 21:01:58,553 [INFO] 채팅봇: 📊 7600/32674 전송 중 | 💬 @윤겔라-t2z: 페이커 진짜 미쳣다 폼.....
2026-05-04 21:02:08,524 [INFO] 채팅봇: 📊 7650/32674 전송 중 | 💬 @호야-w1m: 이번엔 초반 우리쪽이 유리하...
2026-05-04 21:02:21,420 [INFO] 채팅봇: 📊 7700/32674 전송 중 | 💬 @현진광-x8g: T1 우승했습니다 잠깐 미래...
2026-05-04 21:02:31,637 [INFO] 채팅봇: 📊 7750/32674 전송 중 | 💬 @3렙리신바위게: 비어강...
2026-05-04 21:02:42,304 [INFO] 채팅봇: 📊 7800/32674 전송 중 | 💬 @망망-o9e: 아니근데왜이렇게잘해...
2026-05-04 21:02:53,921 [INFO] 채팅봇: 📊 7850/32674 전송 중 | 💬 @武汉加油-b9c: 이래야 재밌지...
2026-05-04 21:03:05,970 [INFO] 채팅봇: 📊 7900/32674 전송 중 | 💬 @우이우아아: 대상혁...
2026-05-04 21:03:18,618 [INFO] 채팅봇: 📊 7950/32674 전송 중 | 💬 @dony4770: 초록색영혼 무슨버프인지 아시...
2026-05-04 21:03:33,818 [INFO] 채팅봇: 📊 8000/32674 전송 중 | 💬 @Redshanff: 한번만 더 힘내주세요 티원!...
2026-05-04 21:03:46,673 [INFO] 채팅봇: 📊 8050/32674 전송 중 | 💬 @einlovers: 초반 다이브만 버티면 이긴다...
2026-05-04 21:04:04,069 [INFO] 채팅봇: 📊 8100/32674 전송 중 | 💬 @너구리-d8p: 비엘지 상대로는 메이킹을 해...
2026-05-04 21:04:30,431 [INFO] 채팅봇: 📊 8150/32674 전송 중 | 💬 @진주강태현: 머임 명단변경 네이버 라인법...
2026-05-04 21:04:43,936 [INFO] 채팅봇: 📊 8200/32674 전송 중 | 💬 @theavengers.: Congratulations...
2026-05-04 21:05:05,315 [INFO] 채팅봇: 📊 8250/32674 전송 중 | 💬 @Kimensuuu_03: 대 상혁...
2026-05-04 21:05:23,974 [INFO] 채팅봇: 📊 8300/32674 전송 중 | 💬 @몰라-v4u: 블루 ㅈ망겜이냐 drx의 가...
2026-05-04 21:05:43,921 [INFO] 채팅봇: 📊 8350/32674 전송 중 | 💬 @jwn0110: 대상혁 진짜 미친거냐 ...
2026-05-04 21:06:03,318 [INFO] 채팅봇: 📊 8400/32674 전송 중 | 💬 @레오나르도콩둘기: 이 와중에 럼블 3데스 연속...
2026-05-04 21:06:23,205 [INFO] 채팅봇: 📊 8450/32674 전송 중 | 💬 @골애-l6f: 비어강비어강비어강...
2026-05-04 21:06:46,777 [INFO] 채팅봇: 📊 8500/32674 전송 중 | 💬 @limitno-y1d: 이게 서커스지...
2026-05-04 21:07:00,594 [INFO] 채팅봇: 📊 8550/32674 전송 중 | 💬 @기상-wakeup: 1557로 끝내줘 자고싶다...
2026-05-04 21:07:12,331 [INFO] 채팅봇: 📊 8600/32674 전송 중 | 💬 @JJJ-fk1go: 이걸 5꽉을 만드네...
2026-05-04 21:07:22,056 [INFO] 채팅봇: 📊 8650/32674 전송 중 | 💬 @dongjincha5240: 비어강비어같...
2026-05-04 21:07:32,985 [INFO] 채팅봇: 📊 8700/32674 전송 중 | 💬 @뭐임-a01: 가즈ㅡ아!...
2026-05-04 21:07:48,840 [INFO] 채팅봇: 📊 8750/32674 전송 중 | 💬 @이민혁-o2r: 런던을 티원의 5별로 밝혀줘...
2026-05-04 21:08:04,783 [INFO] 채팅봇: 📊 8800/32674 전송 중 | 💬 @낑깡-d4t: BLG 화이팅...
2026-05-04 21:08:18,592 [INFO] 채팅봇: 📊 8850/32674 전송 중 | 💬 @김대현-j2p: 티원 가자...
2026-05-04 21:08:30,503 [INFO] 채팅봇: 📊 8900/32674 전송 중 | 💬 @영준김-t6c: 명상혁,,...
2026-05-04 21:08:41,452 [INFO] 채팅봇: 📊 8950/32674 전송 중 | 💬 @강민성-n8y6x: 네...
2026-05-04 21:08:52,679 [INFO] 채팅봇: 📊 9000/32674 전송 중 | 💬 @dorongnyong99: 대상혁 믿는다...
2026-05-04 21:09:05,471 [INFO] 채팅봇: 📊 9050/32674 전송 중 | 💬 @물망총-j5x: 제발ㅠ 비어강 비어강 티원 ...
2026-05-04 21:09:24,884 [INFO] 채팅봇: 📊 9100/32674 전송 중 | 💬 @에스프레소우: 아 떨린다 .. ...
2026-05-04 21:09:40,049 [INFO] 채팅봇: 📊 9150/32674 전송 중 | 💬 @oopnnmm: T1이기자:fire::fir...
2026-05-04 21:09:53,970 [INFO] 채팅봇: 📊 9200/32674 전송 중 | 💬 @일반인-s7i: 곽준빈 ㄷㄷ...
2026-05-04 21:10:06,101 [INFO] 채팅봇: 📊 9250/32674 전송 중 | 💬 @성택안-n7g: 그라가스 나오나......
2026-05-04 21:10:16,354 [INFO] 채팅봇: 📊 9300/32674 전송 중 | 💬 @자라-x9k: t1우승해줘...
2026-05-04 21:10:30,909 [INFO] 채팅봇: 📊 9350/32674 전송 중 | 💬 @user-mv9qt2nv3x: 이러면 라칸 무조건 잘라야된...
2026-05-04 21:10:45,887 [INFO] 채팅봇: 📊 9400/32674 전송 중 | 💬 @김도건-g8f: 페갈?...
2026-05-04 21:10:59,160 [INFO] 채팅봇: 📊 9450/32674 전송 중 | 💬 @카오스_88: 막판 제우스 하드캐리본다 이...
2026-05-04 21:11:13,893 [INFO] 채팅봇: 📊 9500/32674 전송 중 | 💬 @taessuo: 이겼다 탑은...
2026-05-04 21:11:29,183 [INFO] 채팅봇: 📊 9550/32674 전송 중 | 💬 @염코코: 자야하자...
2026-05-04 21:11:40,425 [INFO] 채팅봇: 📊 9600/32674 전송 중 | 💬 @Muddak-nh3jh: 캡틴 김상호 닮았네...
2026-05-04 21:11:49,841 [INFO] 채팅봇: 📊 9650/32674 전송 중 | 💬 @카사노조: 오오오ㅗ오...
2026-05-04 21:12:09,522 [INFO] 채팅봇: 📊 9700/32674 전송 중 | 💬 @정재훈-q2h: 스킨 주인을 상대로 아리를 ...
2026-05-04 21:12:24,997 [INFO] 채팅봇: 📊 9750/32674 전송 중 | 💬 @조조할인-u7k: BLG의 심장의 색깔은 퍼플...
2026-05-04 21:12:39,536 [INFO] 채팅봇: 📊 9800/32674 전송 중 | 💬 @cho7602: 가보자 좋다 지금까지...
2026-05-04 21:12:53,092 [INFO] 채팅봇: 📊 9850/32674 전송 중 | 💬 @닥요-o7z: 최건 멋지다...
2026-05-04 21:13:07,193 [INFO] 채팅봇: 📊 9900/32674 전송 중 | 💬 @탕수육-m5b: 파이크파이크...
2026-05-04 21:13:25,670 [INFO] 채팅봇: 📊 9950/32674 전송 중 | 💬 @Rlrrlrm: 진짜 멘탈싸움임 페이커 난 ...
2026-05-04 21:13:35,274 [INFO] 채팅봇: 📊 10000/32674 전송 중 | 💬 @sisunno2175: t1ㅎㅇㅌ...
2026-05-04 21:13:49,909 [INFO] 채팅봇: 📊 10050/32674 전송 중 | 💬 @Goraeping: 잭스 빈 무섭다....
2026-05-04 21:14:00,756 [INFO] 채팅봇: 📊 10100/32674 전송 중 | 💬 @은준호-d4k: 딜러 없눈데?...
2026-05-04 21:14:14,194 [INFO] 채팅봇: 📊 10150/32674 전송 중 | 💬 @190cm89kg: 갈리오 서폿 가자...
2026-05-04 21:14:25,689 [INFO] 채팅봇: 📊 10200/32674 전송 중 | 💬 @쭌이-0703: 파이크나오겟다...
2026-05-04 21:14:37,095 [INFO] 채팅봇: 📊 10250/32674 전송 중 | 💬 @Rocknroll-m5d: 너무 노딜인데...
2026-05-04 21:14:47,893 [INFO] 채팅봇: 📊 10300/32674 전송 중 | 💬 @돼지도살자-q5u: 도발 ㅋㅋ...
2026-05-04 21:14:58,878 [INFO] 채팅봇: 📊 10350/32674 전송 중 | 💬 @심심이-j3c: 질리언 개좋아보이는데 ...
2026-05-04 21:15:09,448 [INFO] 채팅봇: 📊 10400/32674 전송 중 | 💬 @MSByun-i3i: 넌 안돼 파이크...
2026-05-04 21:15:20,061 [INFO] 채팅봇: 📊 10450/32674 전송 중 | 💬 @김지은-z2h5y: 서폿뽀삐?...
2026-05-04 21:15:28,338 [INFO] 채팅봇: 📊 10500/32674 전송 중 | 💬 @sinsinabro: 미르딘 뽀삐터...
2026-05-04 21:15:40,536 [INFO] 채팅봇: 📊 10550/32674 전송 중 | 💬 @쓰담혜담: 비어강...
2026-05-04 21:15:51,875 [INFO] 채팅봇: 📊 10600/32674 전송 중 | 💬 @mid2907: 뽀삐 뽑았는데 렐자르반 ㅋㅋ...
2026-05-04 21:16:06,931 [INFO] 채팅봇: 📊 10650/32674 전송 중 | 💬 @9ck197: 영리하게 잘짯다 ...
2026-05-04 21:16:19,804 [INFO] 채팅봇: 📊 10700/32674 전송 중 | 💬 @아정부: 티원! 티원!...
2026-05-04 21:16:36,873 [INFO] 채팅봇: 📊 10750/32674 전송 중 | 💬 @박재우-o9d: 티원 티원 티원...
2026-05-04 21:16:48,508 [INFO] 채팅봇: 📊 10800/32674 전송 중 | 💬 @mjh1-up9jz: 초반사고 안나고 딜에 나온다...
2026-05-04 21:16:58,897 [INFO] 채팅봇: 📊 10850/32674 전송 중 | 💬 @정환-l7p: 가쟈!!!!!...
2026-05-04 21:17:14,169 [INFO] 채팅봇: 📊 10900/32674 전송 중 | 💬 @간옵줃갘탙챂탚핳탛팥: 대.상.혁 빛.상.혁...
2026-05-04 21:17:26,866 [INFO] 채팅봇: 📊 10950/32674 전송 중 | 💬 @Black-qr9dk: 지구방위대 ㅋㅋㅋㅋㅋ...
2026-05-04 21:17:41,346 [INFO] 채팅봇: 📊 11000/32674 전송 중 | 💬 @마재-m6m: D점멸과 F점멸 싸움이네...
2026-05-04 21:17:55,851 [INFO] 채팅봇: 📊 11050/32674 전송 중 | 💬 @O_OoOL: 삼성갤럭시 자야 ㄷㄷㄷㄷㄷㄷ...
2026-05-04 21:18:08,427 [INFO] 채팅봇: 📊 11100/32674 전송 중 | 💬 @GoodGameM: 티원 화이팅!!!!!!!!...
2026-05-04 21:18:26,010 [INFO] 채팅봇: 📊 11150/32674 전송 중 | 💬 @isaacbyun7454: 티원 이겨줘...
2026-05-04 21:19:05,424 [INFO] 채팅봇: 📊 11200/32674 전송 중 | 💬 @아토조아: 티원개발려라...
2026-05-04 21:19:45,393 [INFO] 채팅봇: 📊 11250/32674 전송 중 | 💬 @권민재-v9f: ㄷㅅㅎ...
2026-05-04 21:19:54,111 [INFO] 채팅봇: 📊 11300/32674 전송 중 | 💬 @led1024: 대상혁...
2026-05-04 21:20:05,590 [INFO] 채팅봇: 📊 11350/32674 전송 중 | 💬 @뷔-m7c: 대상혁 폼왜이래...
2026-05-04 21:20:19,895 [INFO] 채팅봇: 📊 11400/32674 전송 중 | 💬 @김준혁-j6x: 나종우하이...
2026-05-04 21:20:33,066 [INFO] 채팅봇: 📊 11450/32674 전송 중 | 💬 @한입에그케익-e4g: ....?...
2026-05-04 21:20:47,088 [INFO] 채팅봇: 📊 11500/32674 전송 중 | 💬 @kimjuhyun0124: 대상혁 ㅋㅋㅋㅋ...
2026-05-04 21:21:09,218 [INFO] 채팅봇: 📊 11550/32674 전송 중 | 💬 @노창기-d7v: 점멸 이상하게 썻네...
2026-05-04 21:21:33,439 [INFO] 채팅봇: 📊 11600/32674 전송 중 | 💬 @현철고-k9y: 우석빈 롤 끄고 일해라 너때...
2026-05-04 21:22:04,594 [INFO] 채팅봇: 📊 11650/32674 전송 중 | 💬 @fdsfesdf07: 대상혁...
2026-05-04 21:22:32,267 [INFO] 채팅봇: 📊 11700/32674 전송 중 | 💬 @S._.OwO._.S: 쵸비였으면 진작 졌겠지...
2026-05-04 21:23:17,844 [INFO] 채팅봇: 📊 11750/32674 전송 중 | 💬 @테디-u2l: 오늘 오너 폼이 너무 ㅠㅠ...
2026-05-04 21:23:39,952 [INFO] 채팅봇: 📊 11800/32674 전송 중 | 💬 @하지만없죠-k3k: 대상혁...
2026-05-04 21:23:53,043 [INFO] 채팅봇: 📊 11850/32674 전송 중 | 💬 @Stone1231_1: 휴 ㅋㅋㅋㅋ...
2026-05-04 21:24:14,810 [INFO] 채팅봇: 📊 11900/32674 전송 중 | 💬 @게임오바: 대 상 혁 그 는 신 이 다...
2026-05-04 21:24:31,053 [INFO] 채팅봇: 📊 11950/32674 전송 중 | 💬 @Tt_gen-x4p: 렐로 월즈먹은 오너가 조스로...
2026-05-04 21:24:48,434 [INFO] 채팅봇: 📊 12000/32674 전송 중 | 💬 @dontcry-z5y: ㅈㅂ...
2026-05-04 21:24:58,245 [INFO] 채팅봇: 📊 12050/32674 전송 중 | 💬 @성철최-e8c: 와...
2026-05-04 21:25:07,165 [INFO] 채팅봇: 📊 12100/32674 전송 중 | 💬 @제스글린: 아.. 스피드게임의 BLG ...
2026-05-04 21:25:21,222 [INFO] 채팅봇: 📊 12150/32674 전송 중 | 💬 @alcurkwlrh: 방금 뭐냐...
2026-05-04 21:25:32,469 [INFO] 채팅봇: 📊 12200/32674 전송 중 | 💬 @horolulu: 온 너의 이름은 오늘부터 티...
2026-05-04 21:25:54,213 [INFO] 채팅봇: 📊 12250/32674 전송 중 | 💬 @jyb2302: 온 q 꼬라지...
2026-05-04 21:26:15,939 [INFO] 채팅봇: 📊 12300/32674 전송 중 | 💬 @아오늘너무피곤해: 겜터졌다 ㅋㅋㅋㅋㅋㅋㅋㅋㅋ...
2026-05-04 21:26:23,364 [INFO] 채팅봇: 📊 12350/32674 전송 중 | 💬 @강동하-y7x: 리헨즈행동...
2026-05-04 21:26:41,027 [INFO] 채팅봇: 📊 12400/32674 전송 중 | 💬 @리만세: 침착하게만 하자...
2026-05-04 21:26:51,219 [INFO] 채팅봇: 📊 12450/32674 전송 중 | 💬 @underdog7339: 항상 의심해...
2026-05-04 21:27:05,225 [INFO] 채팅봇: 📊 12500/32674 전송 중 | 💬 @하늘명상: 대상혁...
2026-05-04 21:27:18,720 [INFO] 채팅봇: 📊 12550/32674 전송 중 | 💬 @내가좀하지: 우승가즈아:face-fuch...
2026-05-04 21:27:43,104 [INFO] 채팅봇: 📊 12600/32674 전송 중 | 💬 @MeongGaee: 의심하자...
2026-05-04 21:28:01,715 [INFO] 채팅봇: 📊 12650/32674 전송 중 | 💬 @멍멍-g4y: 와 존나 잘 싸웠다...
2026-05-04 21:28:13,682 [INFO] 채팅봇: 📊 12700/32674 전송 중 | 💬 @Mibimi-sp5re: 갠차나ㅋㅋ...
2026-05-04 21:28:38,710 [INFO] 채팅봇: 📊 12750/32674 전송 중 | 💬 @닷-i1m: 5유충5유충...
2026-05-04 21:29:07,583 [INFO] 채팅봇: 📊 12800/32674 전송 중 | 💬 @DoYoungKim-g9q: 구마 페이커 캐리가즈아ㅜㅜ...
2026-05-04 21:29:37,756 [INFO] 채팅봇: 📊 12850/32674 전송 중 | 💬 @루댄스: 와우...
2026-05-04 21:30:18,194 [INFO] 채팅봇: 📊 12900/32674 전송 중 | 💬 @쀼쀼-x2b: 지금 몇대몇 임요?...
2026-05-04 21:30:59,847 [INFO] 채팅봇: 📊 12950/32674 전송 중 | 💬 @달찬enok7: 거의 100만명이 보네 ㄷ...
2026-05-04 21:31:42,889 [INFO] 채팅봇: 📊 13000/32674 전송 중 | 💬 @shg4080: 비어강...
2026-05-04 21:32:31,544 [INFO] 채팅봇: 📊 13050/32674 전송 중 | 💬 @박건우-l1j: 아리 갈리오인데 골드차이 ㅇ...
2026-05-04 21:33:13,574 [INFO] 채팅봇: 📊 13100/32674 전송 중 | 💬 @알버스퍼시발울브릭브: 88 발싸 발싸!!...
2026-05-04 21:33:45,268 [INFO] 채팅봇: 📊 13150/32674 전송 중 | 💬 @도예온: ㅎㅇ...
2026-05-04 21:34:18,018 [INFO] 채팅봇: 📊 13200/32674 전송 중 | 💬 @user-takemyhand: ISS7...
2026-05-04 21:34:53,258 [INFO] 채팅봇: 📊 13250/32674 전송 중 | 💬 @이정인-q6f: 이예성 화이팅!...
2026-05-04 21:35:16,482 [INFO] 채팅봇: 📊 13300/32674 전송 중 | 💬 @rainrain1122: 오너 가르마 뭔데 장인같아...
2026-05-04 21:35:40,982 [INFO] 채팅봇: 📊 13350/32674 전송 중 | 💬 @바봄-p3b: 딴딴딴딴딴 노래 아시는분...
2026-05-04 21:36:02,474 [INFO] 채팅봇: 📊 13400/32674 전송 중 | 💬 @user-fi7ls7uo1n: 엘크가 너무 못큼...
2026-05-04 21:36:50,040 [INFO] 채팅봇: 📊 13450/32674 전송 중 | 💬 @seongshin_doryeong: ㅑㅑ...
2026-05-04 21:37:13,021 [INFO] 채팅봇: 📊 13500/32674 전송 중 | 💬 @veritasluxmea0411: 진짜 욕나오네 이번 시즌 뮤...
2026-05-04 21:37:55,749 [INFO] 채팅봇: 📊 13550/32674 전송 중 | 💬 @Apollkor: 아리 너무 큰다...
2026-05-04 21:38:26,151 [INFO] 채팅봇: 📊 13600/32674 전송 중 | 💬 @메가잼: 인계동 아마 1 전동구 빨리...
2026-05-04 21:39:00,658 [INFO] 채팅봇: 📊 13650/32674 전송 중 | 💬 @David-ih4pt: 5차전에서 끝내자 7차전은 ...
2026-05-04 21:39:33,494 [INFO] 채팅봇: 📊 13700/32674 전송 중 | 💬 @luvin611: 지루...
2026-05-04 21:40:05,872 [INFO] 채팅봇: 📊 13750/32674 전송 중 | 💬 @givingmeaning613: 슬슬...
2026-05-04 21:40:44,125 [INFO] 채팅봇: 📊 13800/32674 전송 중 | 💬 @cltkgks2: 100만이 안넘네...
2026-05-04 21:41:21,880 [INFO] 채팅봇: 📊 13850/32674 전송 중 | 💬 @psbome: 제발...
2026-05-04 21:41:43,653 [INFO] 채팅봇: 📊 13900/32674 전송 중 | 💬 @이건좀-n2w: 성준영 지금 안자면 키 안큰...
2026-05-04 21:41:58,541 [INFO] 채팅봇: 📊 13950/32674 전송 중 | 💬 @김모씨-e2i: 대상혁...
2026-05-04 21:42:07,967 [INFO] 채팅봇: 📊 14000/32674 전송 중 | 💬 @물-b2z: /화이트모드...
2026-05-04 21:42:19,033 [INFO] 채팅봇: 📊 14050/32674 전송 중 | 💬 @Dev-h5e3n: /다트모드...
2026-05-04 21:42:34,773 [INFO] 채팅봇: 📊 14100/32674 전송 중 | 💬 @Mearyaere: 폭풍전야 미쳤네...
2026-05-04 21:42:48,673 [INFO] 채팅봇: 📊 14150/32674 전송 중 | 💬 @CLT_e4rt: /대상혁각성모드...
2026-05-04 21:43:14,505 [INFO] 채팅봇: 📊 14200/32674 전송 중 | 💬 @워니비니-w1h: 온다...
2026-05-04 21:44:02,793 [INFO] 채팅봇: 📊 14250/32674 전송 중 | 💬 @쌍두수리: 온대인...
2026-05-04 21:44:09,674 [INFO] 채팅봇: 📊 14300/32674 전송 중 | 💬 @jaylee7057: 온 ㅋㅋ...
2026-05-04 21:44:23,770 [INFO] 채팅봇: 📊 14350/32674 전송 중 | 💬 @표롱표롱표로롱: 온난지원금 ㅠ...
2026-05-04 21:44:35,146 [INFO] 채팅봇: 📊 14400/32674 전송 중 | 💬 @jaeyoungshin9949: 재난지온금...
2026-05-04 21:44:45,816 [INFO] 채팅봇: 📊 14450/32674 전송 중 | 💬 @OdongOseol: 고맙다 온!!!...
2026-05-04 21:45:01,623 [INFO] 채팅봇: 📊 14500/32674 전송 중 | 💬 @leejayse9870: 대 황 온 신...
2026-05-04 21:45:27,301 [INFO] 채팅봇: 📊 14550/32674 전송 중 | 💬 @user-rg6qo8me5z: 이거 뽀삐가 크랙이다 ㄹㅇ...
2026-05-04 21:45:58,600 [INFO] 채팅봇: 📊 14600/32674 전송 중 | 💬 @nightbot: @linolee58 -> N...
2026-05-04 21:46:28,595 [INFO] 채팅봇: 📊 14650/32674 전송 중 | 💬 @똥파리-d8d: ㅇㅅㅇ...
2026-05-04 21:47:07,707 [INFO] 채팅봇: 📊 14700/32674 전송 중 | 💬 @dhsvahajcbdj: 비상...
2026-05-04 21:47:17,228 [INFO] 채팅봇: 📊 14750/32674 전송 중 | 💬 @훈정24: 티 원...
2026-05-04 21:47:25,613 [INFO] 채팅봇: 📊 14800/32674 전송 중 | 💬 @Andrew.J-123: 와...
2026-05-04 21:47:37,955 [INFO] 채팅봇: 📊 14850/32674 전송 중 | 💬 @쿠남-c9v: 대 상 혁...
2026-05-04 21:47:54,285 [INFO] 채팅봇: 📊 14900/32674 전송 중 | 💬 @Shiningrainbow52: 김창식...
2026-05-04 21:48:08,407 [INFO] 채팅봇: 📊 14950/32674 전송 중 | 💬 @adfgafagh8949: 신 상 혁...
2026-05-04 21:48:20,390 [INFO] 채팅봇: 📊 15000/32674 전송 중 | 💬 @아무거나해-bj: 대상혁...
2026-05-04 21:48:34,701 [INFO] 채팅봇: 📊 15050/32674 전송 중 | 💬 @베로-u1c: 대상혁!!!...
2026-05-04 21:48:53,944 [INFO] 채팅봇: 📊 15100/32674 전송 중 | 💬 @동동동-c9z: 상체캐리...
2026-05-04 21:49:07,031 [INFO] 채팅봇: 📊 15150/32674 전송 중 | 💬 @phillip7: 오창섭...
2026-05-04 21:49:16,086 [INFO] 채팅봇: 📊 15200/32674 전송 중 | 💬 @나애-b2p: /1인칭모드...
2026-05-04 21:49:32,217 [INFO] 채팅봇: 📊 15250/32674 전송 중 | 💬 @박혜성-f1n: 아니 이걸 데려갔네 ㅋㅋㅋㅋ...
2026-05-04 21:49:39,826 [INFO] 채팅봇: 📊 15300/32674 전송 중 | 💬 @김지우-p7w1p: 와...
2026-05-04 21:49:44,163 [INFO] 채팅봇: 📊 15350/32674 전송 중 | 💬 @seung_bbak-_-: 대 상 혁...
2026-05-04 21:49:51,792 [INFO] 채팅봇: 📊 15400/32674 전송 중 | 💬 @jun6157: 와 ㅌㅌ 티원 미친 ㅌㅌㅌㅌ...
2026-05-04 21:49:54,381 [INFO] 채팅봇: 📊 15450/32674 전송 중 | 💬 @데헷-m4p: 대상혁대상혁대상혁대상혁대상혁...
2026-05-04 21:49:56,346 [INFO] 채팅봇: 📊 15500/32674 전송 중 | 💬 @츄우기-k3j: 불사대마욍...
2026-05-04 21:49:58,270 [INFO] 채팅봇: 📊 15550/32674 전송 중 | 💬 @하리-v7e: 대상혁...
2026-05-04 21:50:00,173 [INFO] 채팅봇: 📊 15600/32674 전송 중 | 💬 @geaca-v4i: 와...
2026-05-04 21:50:01,925 [INFO] 채팅봇: 📊 15650/32674 전송 중 | 💬 @깔깔-n6n: 와 ㅋㅋ 불사대마왕 !!!...
2026-05-04 21:50:03,990 [INFO] 채팅봇: 📊 15700/32674 전송 중 | 💬 @김민서-e6x: 대상혁...
2026-05-04 21:50:06,033 [INFO] 채팅봇: 📊 15750/32674 전송 중 | 💬 @김윤민-p8q: 오자룡ㄷㄷ...
2026-05-04 21:50:08,349 [INFO] 채팅봇: 📊 15800/32674 전송 중 | 💬 @Yun-xq5ow: 대ㅐㅐ상혁...
2026-05-04 21:50:10,455 [INFO] 채팅봇: 📊 15850/32674 전송 중 | 💬 @안녕하세요-j8o2c: 진짜 이커형 스ㅡㅡㅡ발...
2026-05-04 21:50:12,464 [INFO] 채팅봇: 📊 15900/32674 전송 중 | 💬 @Fraek3: 롤의 신이다 진짜...
2026-05-04 21:50:14,357 [INFO] 채팅봇: 📊 15950/32674 전송 중 | 💬 @hohoho-t4z: 대 상 혁...
2026-05-04 21:50:16,364 [INFO] 채팅봇: 📊 16000/32674 전송 중 | 💬 @root9893: 고마워고마워 ㅠㅠㅠㅠㅠㅠ...
2026-05-04 21:50:18,609 [INFO] 채팅봇: 📊 16050/32674 전송 중 | 💬 @OverActionRabbit: 폼 미쳤네 오늘 t1...
2026-05-04 21:50:24,921 [INFO] 채팅봇: 📊 16100/32674 전송 중 | 💬 @zd7391: 대상혁 ㄷㄷ...
2026-05-04 21:50:32,533 [INFO] 채팅봇: 📊 16150/32674 전송 중 | 💬 @유튜브프리미엄-p1l: 대상혁...
2026-05-04 21:50:37,084 [INFO] 채팅봇: 📊 16200/32674 전송 중 | 💬 @김세하-o6m: 상시 숭배...
2026-05-04 21:50:41,066 [INFO] 채팅봇: 📊 16250/32674 전송 중 | 💬 @user-yy1fw7xg7c: 대상혁...
2026-05-04 21:50:50,860 [INFO] 채팅봇: 📊 16300/32674 전송 중 | 💬 @당찾토: 대상혁!!!...
2026-05-04 21:51:07,032 [INFO] 채팅봇: 📊 16350/32674 전송 중 | 💬 @최예찬-e1n: 미쳣다!!!!!...
2026-05-04 21:51:20,646 [INFO] 채팅봇: 📊 16400/32674 전송 중 | 💬 @문쨩-1203: 대상혁...
2026-05-04 21:51:33,403 [INFO] 채팅봇: 📊 16450/32674 전송 중 | 💬 @user-ey1tc1gq9f: 숭배합니다...
2026-05-04 21:51:47,160 [INFO] 채팅봇: 📊 16500/32674 전송 중 | 💬 @태검-d8d: 대상혁...
2026-05-04 21:52:02,198 [INFO] 채팅봇: 📊 16550/32674 전송 중 | 💬 @ionpump651: 레클레스도 챙겨줘라...
2026-05-04 21:52:15,736 [INFO] 채팅봇: 📊 16600/32674 전송 중 | 💬 @단국단꿈: 합격...
2026-05-04 21:52:29,877 [INFO] 채팅봇: 📊 16650/32674 전송 중 | 💬 @SangbinLee-o6n: 미쳤다...
2026-05-04 21:52:43,067 [INFO] 채팅봇: 📊 16700/32674 전송 중 | 💬 @ysred2778: Make them belie...
2026-05-04 21:52:57,158 [INFO] 채팅봇: 📊 16750/32674 전송 중 | 💬 @sss-w1w: 불사대마왕 페이커 !.......
2026-05-04 21:53:11,063 [INFO] 채팅봇: 📊 16800/32674 전송 중 | 💬 @tubeson3030: 이번엔 누가봐도 페이커 mv...
2026-05-04 21:53:27,004 [INFO] 채팅봇: 📊 16850/32674 전송 중 | 💬 @미호네-l3v: 스킨 베릴섭외하자...
2026-05-04 21:53:42,958 [INFO] 채팅봇: 📊 16900/32674 전송 중 | 💬 @이재우-n5k: 제발 보이스...
2026-05-04 21:53:57,284 [INFO] 채팅봇: 📊 16950/32674 전송 중 | 💬 @SHJeon-e8r: 대상혁 대티원...
2026-05-04 21:54:10,830 [INFO] 채팅봇: 📊 17000/32674 전송 중 | 💬 @Donkka: 대 상 혁...
2026-05-04 21:54:24,133 [INFO] 채팅봇: 📊 17050/32674 전송 중 | 💬 @유튭프리미엄-x4o: 실화냐!!...
2026-05-04 21:54:38,129 [INFO] 채팅봇: 📊 17100/32674 전송 중 | 💬 @TV-lo1ex: 대상혁...
2026-05-04 21:54:49,855 [INFO] 채팅봇: 📊 17150/32674 전송 중 | 💬 @jakgeune162: 티원 영화 잘만드네 일부러 ...
2026-05-04 21:55:04,593 [INFO] 채팅봇: 📊 17200/32674 전송 중 | 💬 @맨시티-c1r: 대상혁...
2026-05-04 21:55:16,709 [INFO] 채팅봇: 📊 17250/32674 전송 중 | 💬 @myungjoonjung9792: 와 ㅋ...
2026-05-04 21:55:32,261 [INFO] 채팅봇: 📊 17300/32674 전송 중 | 💬 @김헌수-h4k: 돈많이벌게 해주세요...
2026-05-04 21:55:45,284 [INFO] 채팅봇: 📊 17350/32674 전송 중 | 💬 @ililllililiililililillilill: 최 고 상 혁 불 사 대 마...
2026-05-04 21:55:56,417 [INFO] 채팅봇: 📊 17400/32674 전송 중 | 💬 @이안-z4f: 우제ㅋㅋ...
2026-05-04 21:56:10,414 [INFO] 채팅봇: 📊 17450/32674 전송 중 | 💬 @앙뇽-z1k: 취업 성공하게 해주세요 ㅠㅠ...
2026-05-04 21:56:21,777 [INFO] 채팅봇: 📊 17500/32674 전송 중 | 💬 @gwiniik3612: 대학 잘 가게 해주세요 대상...
2026-05-04 21:56:34,560 [INFO] 채팅봇: 📊 17550/32674 전송 중 | 💬 @b0o0_kk: 돈 많이 벌게 해주세요...
2026-05-04 21:56:44,026 [INFO] 채팅봇: 📊 17600/32674 전송 중 | 💬 @bjw943: 대학 생활 잘 하게 해주세요...
2026-05-04 21:56:53,946 [INFO] 채팅봇: 📊 17650/32674 전송 중 | 💬 @dd_.ze83629: 지수랑 다시만나게해주세요!...
2026-05-04 21:57:02,728 [INFO] 채팅봇: 📊 17700/32674 전송 중 | 💬 @이동구-m8w: 여친 사귀게 해주세요...
2026-05-04 21:57:14,262 [INFO] 채팅봇: 📊 17750/32674 전송 중 | 💬 @짜잠-jjajam: 가게에서 돈 많이벌게ㅜ해주세...
2026-05-04 21:57:25,222 [INFO] 채팅봇: 📊 17800/32674 전송 중 | 💬 @토트넘호우스퍼: 앗...
2026-05-04 21:57:39,128 [INFO] 채팅봇: 📊 17850/32674 전송 중 | 💬 @쿄-f6g: 한양대가게해주세요...
2026-05-04 21:57:50,402 [INFO] 채팅봇: 📊 17900/32674 전송 중 | 💬 @예주-w2g: 우리가족 건강하자...
2026-05-04 21:58:02,668 [INFO] 채팅봇: 📊 17950/32674 전송 중 | 💬 @곽두팔-b1s: 내년 세무사 합격하게해주세요...
2026-05-04 21:58:13,252 [INFO] 채팅봇: 📊 18000/32674 전송 중 | 💬 @최동혁-k6e: 제가 더 이상 다치지 않게 ...
2026-05-04 21:58:26,572 [INFO] 채팅봇: 📊 18050/32674 전송 중 | 💬 @Min-t9l: 로또맞게 해주세요...
2026-05-04 21:58:36,783 [INFO] 채팅봇: 📊 18100/32674 전송 중 | 💬 @soominmyung2014: 감사합니다 페이커 감사합니다...
2026-05-04 21:58:47,862 [INFO] 채팅봇: 📊 18150/32674 전송 중 | 💬 @성팍호: 공무원 합격시켜주세요...
2026-05-04 21:59:04,487 [INFO] 채팅봇: 📊 18200/32674 전송 중 | 💬 @NyangCain: 대상혁~!...
2026-05-04 21:59:14,901 [INFO] 채팅봇: 📊 18250/32674 전송 중 | 💬 @IAmYejoon: 소방시험 붙게해주세요...
2026-05-04 21:59:25,321 [INFO] 채팅봇: 📊 18300/32674 전송 중 | 💬 @정병욱-y7y: 나도...
2026-05-04 21:59:36,067 [INFO] 채팅봇: 📊 18350/32674 전송 중 | 💬 @mew_ji: 여기 적힌 소원들 다 이루게...
2026-05-04 21:59:47,836 [INFO] 채팅봇: 📊 18400/32674 전송 중 | 💬 @GoodGameM: 제오페구케 종신하게 해주세요...
2026-05-04 22:00:01,955 [INFO] 채팅봇: 📊 18450/32674 전송 중 | 💬 @mz--cj9wz: 더 높은곳으로 갈수있게 해주...
2026-05-04 22:00:14,595 [INFO] 채팅봇: 📊 18500/32674 전송 중 | 💬 @lsny3817: 부자되게 해주세요...
2026-05-04 22:00:27,608 [INFO] 채팅봇: 📊 18550/32674 전송 중 | 💬 @최돈왕-r1k: 제우스 어디가요...
2026-05-04 22:00:41,861 [INFO] 채팅봇: 📊 18600/32674 전송 중 | 💬 @한경원-o3d: 사랑하게 해주세여...
2026-05-04 22:00:55,322 [INFO] 채팅봇: 📊 18650/32674 전송 중 | 💬 @wj3939: 강원대 합격하게해주세요...
2026-05-04 22:01:06,948 [INFO] 채팅봇: 📊 18700/32674 전송 중 | 💬 @Nad-p3r: 낼 셤 합격하게 해주세요!!...
2026-05-04 22:01:18,837 [INFO] 채팅봇: 📊 18750/32674 전송 중 | 💬 @gkdnxo: 로또 1등 되게 해주세요...
2026-05-04 22:01:30,162 [INFO] 채팅봇: 📊 18800/32674 전송 중 | 💬 @배스탕: 수능 대박...
2026-05-04 22:01:42,178 [INFO] 채팅봇: 📊 18850/32674 전송 중 | 💬 @겨울잠-l5w: 로또 1등 되게 해주세요...
2026-05-04 22:01:51,530 [INFO] 채팅봇: 📊 18900/32674 전송 중 | 💬 @주형-y6t: 다들 행복한 연말 보내길...
2026-05-04 22:02:05,068 [INFO] 채팅봇: 📊 18950/32674 전송 중 | 💬 @sjk5961: 토일렛이슈…?...
2026-05-04 22:02:17,296 [INFO] 채팅봇: 📊 19000/32674 전송 중 | 💬 @발아현미밥-i4u: 뭐노이건...
2026-05-04 22:02:28,733 [INFO] 채팅봇: 📊 19050/32674 전송 중 | 💬 @solarwon3019: 첫째 아들 예쁘고 건강하게 ...
2026-05-04 22:02:42,058 [INFO] 채팅봇: 📊 19100/32674 전송 중 | 💬 @gamgyool2: 건강하게 꾸준히 성장하게 해...
2026-05-04 22:02:55,005 [INFO] 채팅봇: 📊 19150/32674 전송 중 | 💬 @oelp293: 피부 좋게해주세요...
2026-05-04 22:03:10,254 [INFO] 채팅봇: 📊 19200/32674 전송 중 | 💬 @예쭌이-g7i: 목소리 개이쁘다 ...
2026-05-04 22:03:24,863 [INFO] 채팅봇: 📊 19250/32674 전송 중 | 💬 @KYJ-o6c: 임용 합격하게 해주세요!!!...
2026-05-04 22:03:37,391 [INFO] 채팅봇: 📊 19300/32674 전송 중 | 💬 @Sir829: 우스 트로피들다가 머리맞아서...
2026-05-04 22:03:46,642 [INFO] 채팅봇: 📊 19350/32674 전송 중 | 💬 @kks2804: 이 시간에 동시 시청자 70...
2026-05-04 22:03:59,924 [INFO] 채팅봇: 📊 19400/32674 전송 중 | 💬 @펙트펙뚱이: 여친사귀게해주세요...
2026-05-04 22:04:11,995 [INFO] 채팅봇: 📊 19450/32674 전송 중 | 💬 @빛햇-f8g: 내년엔 취업하게해주세요...
2026-05-04 22:04:23,934 [INFO] 채팅봇: 📊 19500/32674 전송 중 | 💬 @우승박: 이쁜 여친 주세요...
2026-05-04 22:04:33,796 [INFO] 채팅봇: 📊 19550/32674 전송 중 | 💬 @김민수_39: 짝사랑 이뤄지게 해주시고 앞...
2026-05-04 22:04:46,799 [INFO] 채팅봇: 📊 19600/32674 전송 중 | 💬 @이민준-z4s: 소정이 다원이 건강하자!!...
2026-05-04 22:04:54,349 [INFO] 채팅봇: 📊 19650/32674 전송 중 | 💬 @Unknow-vz8gv: 로또일등되게해주세요...
2026-05-04 22:05:08,521 [INFO] 채팅봇: 📊 19700/32674 전송 중 | 💬 @판게아-l2c: 페이커 사일러스 스킨 각...
2026-05-04 22:05:18,925 [INFO] 채팅봇: 📊 19750/32674 전송 중 | 💬 @민석22: 예?...
2026-05-04 22:05:28,543 [INFO] 채팅봇: 📊 19800/32674 전송 중 | 💬 @이샤가: 예? ...
2026-05-04 22:05:41,897 [INFO] 채팅봇: 📊 19850/32674 전송 중 | 💬 @dibi6240: 고장낫어ㅠㅠ...
2026-05-04 22:05:55,941 [INFO] 채팅봇: 📊 19900/32674 전송 중 | 💬 @죽여팬다: ㅋㅋㅋㅋㅋ 일단.땡큐...
2026-05-04 22:06:12,124 [INFO] 채팅봇: 📊 19950/32674 전송 중 | 💬 @haneullim-v3y: 땡큐하고요 ㅋㅋ...
2026-05-04 22:06:25,169 [INFO] 채팅봇: 📊 20000/32674 전송 중 | 💬 @박주원-j6t: 우제 아까 트로피 들다가 머...
2026-05-04 22:06:38,296 [INFO] 채팅봇: 📊 20050/32674 전송 중 | 💬 @리밥리비: 제우스 어디감...
2026-05-04 22:06:49,518 [INFO] 채팅봇: 📊 20100/32674 전송 중 | 💬 @동률오: 대상혁...
2026-05-04 22:06:59,516 [INFO] 채팅봇: 📊 20150/32674 전송 중 | 💬 @js-ui2jj: 로또1등 당첨되게 해주세요 ...
2026-05-04 22:07:14,993 [INFO] 채팅봇: 📊 20200/32674 전송 중 | 💬 @손영훈-w8d: 제우스 빈이 1대1 다시 하...
2026-05-04 22:07:28,450 [INFO] 채팅봇: 📊 20250/32674 전송 중 | 💬 @tv-pv1ir: T1 우승 축하합니다...
2026-05-04 22:07:39,596 [INFO] 채팅봇: 📊 20300/32674 전송 중 | 💬 @뚕민: 우제 어디갓엉...
2026-05-04 22:07:50,696 [INFO] 채팅봇: 📊 20350/32674 전송 중 | 💬 @김민재-f4m4f: 고장ㅋㅋㅋㅋ...
2026-05-04 22:08:01,026 [INFO] 채팅봇: 📊 20400/32674 전송 중 | 💬 @juno5487: 고장나벌임 ㅋㅋㅋㅋㅋㅋㅋ...
2026-05-04 22:08:10,769 [INFO] 채팅봇: 📊 20450/32674 전송 중 | 💬 @junni-i7d: 페이커지 누가봐도 ㅋㅋ 파엠...
2026-05-04 22:08:22,191 [INFO] 채팅봇: 📊 20500/32674 전송 중 | 💬 @bluesword24: 우제 어디갔냐...
2026-05-04 22:08:34,277 [INFO] 채팅봇: 📊 20550/32674 전송 중 | 💬 @hhhhk8186: 임정현 사랑해...
2026-05-04 22:08:45,259 [INFO] 채팅봇: 📊 20600/32674 전송 중 | 💬 @나닥양봉: 제우스 탑감...
2026-05-04 22:08:56,038 [INFO] 채팅봇: 📊 20650/32674 전송 중 | 💬 @rupang6975: 제우스 건너뛴다 ㅋㅋㅋㅋㅋㅋ...
2026-05-04 22:09:06,891 [INFO] 채팅봇: 📊 20700/32674 전송 중 | 💬 @치얼쓰-s5n: 제우스 머리다침ㅋㅋ...
2026-05-04 22:09:18,307 [INFO] 채팅봇: 📊 20750/32674 전송 중 | 💬 @qeqwqeq4226: 제우스 탑갔음 ㅋㅋ...
2026-05-04 22:09:31,214 [INFO] 채팅봇: 📊 20800/32674 전송 중 | 💬 @ryanlee9865: 젠빠 ㅂㄷㅂㄷㅂㄷㅂㄷ...
2026-05-04 22:09:42,776 [INFO] 채팅봇: 📊 20850/32674 전송 중 | 💬 @장유건-z1v: 대꼬마...
2026-05-04 22:09:52,610 [INFO] 채팅봇: 📊 20900/32674 전송 중 | 💬 @김민석-y1w5c: 우제 어디갔어...
2026-05-04 22:10:03,382 [INFO] 채팅봇: 📊 20950/32674 전송 중 | 💬 @thebbqq: 아 개웃기네 진짜...
2026-05-04 22:10:13,309 [INFO] 채팅봇: 📊 21000/32674 전송 중 | 💬 @weightbaby: 제우스 지루해서 씨에스먹으러...
2026-05-04 22:10:24,134 [INFO] 채팅봇: 📊 21050/32674 전송 중 | 💬 @ryoriryeori1044: 우제 머리 다쳤다고 트로피에...
2026-05-04 22:10:35,555 [INFO] 채팅봇: 📊 21100/32674 전송 중 | 💬 @tb-nj7se: 우리가족 모두 행복하게 건강...
2026-05-04 22:10:50,616 [INFO] 채팅봇: 📊 21150/32674 전송 중 | 💬 @hacojja: zzzzzzzzzzzzzㅍ5...
2026-05-04 22:11:03,983 [INFO] 채팅봇: 📊 21200/32674 전송 중 | 💬 @getggul: 한국 말로 ...
2026-05-04 22:11:20,296 [INFO] 채팅봇: 📊 21250/32674 전송 중 | 💬 @lucia99245: 트로피에 머리 쪘움 ...
2026-05-04 22:11:32,335 [INFO] 채팅봇: 📊 21300/32674 전송 중 | 💬 @Sukings: 로또 당첨 될래유...
2026-05-04 22:11:46,033 [INFO] 채팅봇: 📊 21350/32674 전송 중 | 💬 @Lian-r6d: 우제우제야ㅋㅋㅋㅋㅋㅋ...
2026-05-04 22:12:00,093 [INFO] 채팅봇: 📊 21400/32674 전송 중 | 💬 @user-zg6if8ci4j: 연애하게 해즈세여...
2026-05-04 22:12:11,538 [INFO] 채팅봇: 📊 21450/32674 전송 중 | 💬 @오하앙-q7o: 연금복권 1등 되게해주세요...
2026-05-04 22:12:22,515 [INFO] 채팅봇: 📊 21500/32674 전송 중 | 💬 @자베즈: 우제는 그저 탑이다...
2026-05-04 22:12:37,221 [INFO] 채팅봇: 📊 21550/32674 전송 중 | 💬 @zipoto2026: 새로운 인생을 살게 해주세요...
2026-05-04 22:12:47,964 [INFO] 채팅봇: 📊 21600/32674 전송 중 | 💬 @Moonlody-l7h: 내이름은 안경찬...
2026-05-04 22:12:59,317 [INFO] 채팅봇: 📊 21650/32674 전송 중 | 💬 @감각적인그놈: 티원은 티원이네...
2026-05-04 22:13:10,333 [INFO] 채팅봇: 📊 21700/32674 전송 중 | 💬 @shun7656: 여친생기게해주세요...
2026-05-04 22:13:22,315 [INFO] 채팅봇: 📊 21750/32674 전송 중 | 💬 @김지섭-q2k: 내일 자고 일어나면 언제든지...
2026-05-04 22:13:33,587 [INFO] 채팅봇: 📊 21800/32674 전송 중 | 💬 @infinite-loof-studio: 오자룡 잘했다...
2026-05-04 22:13:43,773 [INFO] 채팅봇: 📊 21850/32674 전송 중 | 💬 @manduck2223: 동현아 사랑해:face-re...
2026-05-04 22:13:52,590 [INFO] 채팅봇: 📊 21900/32674 전송 중 | 💬 @여로-v1d: 재계약 가즈아...
2026-05-04 22:14:02,451 [INFO] 채팅봇: 📊 21950/32674 전송 중 | 💬 @김태희-w5k: 주변 사람들 모두 행복하게 ...
2026-05-04 22:14:14,912 [INFO] 채팅봇: 📊 22000/32674 전송 중 | 💬 @nightbot: @안재성 -> There's...
2026-05-04 22:14:27,594 [INFO] 채팅봇: 📊 22050/32674 전송 중 | 💬 @바닐라떼-n5m: 티원 최고다 우승축하해^^...
2026-05-04 22:14:38,941 [INFO] 채팅봇: 📊 22100/32674 전송 중 | 💬 @제로슈가바나나킥: 지선좌 아름답다...
2026-05-04 22:14:50,009 [INFO] 채팅봇: 📊 22150/32674 전송 중 | 💬 @익명-j8h6l: 톰버지...
2026-05-04 22:14:59,481 [INFO] 채팅봇: 📊 22200/32674 전송 중 | 💬 @alarmalarm6019: 오창섭 인터뷰도 잘해주잖아...
2026-05-04 22:15:08,948 [INFO] 채팅봇: 📊 22250/32674 전송 중 | 💬 @sim_penguin: 톰 버 지...
2026-05-04 22:15:22,044 [INFO] 채팅봇: 📊 22300/32674 전송 중 | 💬 @Wowjj77: ㅋㅋㅋㅋㅋㅋ...
2026-05-04 22:15:35,415 [INFO] 채팅봇: 📊 22350/32674 전송 중 | 💬 @majahyeon: 종신 가자...
2026-05-04 22:15:47,723 [INFO] 채팅봇: 📊 22400/32674 전송 중 | 💬 @정규이-o2z: 오미송 유아임용 합격하게해주...
2026-05-04 22:15:59,138 [INFO] 채팅봇: 📊 22450/32674 전송 중 | 💬 @user-metube: 학점4.5맞게해주세용...
2026-05-04 22:16:11,827 [INFO] 채팅봇: 📊 22500/32674 전송 중 | 💬 @junghyunlee5841: 20강 성공하게 해주세요...
2026-05-04 22:16:21,465 [INFO] 채팅봇: 📊 22550/32674 전송 중 | 💬 @민수달-l5i: 연금복권 당첨되게 해주세요...
2026-05-04 22:16:32,077 [INFO] 채팅봇: 📊 22600/32674 전송 중 | 💬 @nawul9997: 모두들 행복하세요...
2026-05-04 22:16:43,364 [INFO] 채팅봇: 📊 22650/32674 전송 중 | 💬 @coolhkhk5910: 구마...
2026-05-04 22:16:55,467 [INFO] 채팅봇: 📊 22700/32674 전송 중 | 💬 @jjkksr: 스타 구마...
2026-05-04 22:17:08,393 [INFO] 채팅봇: 📊 22750/32674 전송 중 | 💬 @말차카레1352기: 배준식 세금 더내라...
2026-05-04 22:17:20,588 [INFO] 채팅봇: 📊 22800/32674 전송 중 | 💬 @kimminjai815: 남편 샤라웃 ㄷㄷ...
2026-05-04 22:17:30,819 [INFO] 채팅봇: 📊 22850/32674 전송 중 | 💬 @이현-t8q: 우지를ㅋㅋ...
2026-05-04 22:17:40,754 [INFO] 채팅봇: 📊 22900/32674 전송 중 | 💬 @오승윤윤: 구마ㅋㅋㅋ...
2026-05-04 22:17:53,750 [INFO] 채팅봇: 📊 22950/32674 전송 중 | 💬 @기파랑-q5q: 이걸 자기입으로 말하라고 ㅋ...
2026-05-04 22:18:05,730 [INFO] 채팅봇: 📊 23000/32674 전송 중 | 💬 @신한-p1s: 아멘...
2026-05-04 22:18:14,936 [INFO] 채팅봇: 📊 23050/32674 전송 중 | 💬 @xxxxxxxxxxxxxxx: 아멘......
2026-05-04 22:18:24,365 [INFO] 채팅봇: 📊 23100/32674 전송 중 | 💬 @역대-r3o: 이미 서있자나!!...
2026-05-04 22:18:31,336 [INFO] 채팅봇: 📊 23150/32674 전송 중 | 💬 @이씨-b5f: 말 넘잘한다...
2026-05-04 22:18:45,677 [INFO] 채팅봇: 📊 23200/32674 전송 중 | 💬 @pleinelune_0..0.0: 너 완전 뱅이였어...
2026-05-04 22:18:59,315 [INFO] 채팅봇: 📊 23250/32674 전송 중 | 💬 @iamych: 구멘~~~~~~~~...
2026-05-04 22:19:11,456 [INFO] 채팅봇: 📊 23300/32674 전송 중 | 💬 @SOULTREE.1: 지선좌 캐리중 ㄷㄷ...
2026-05-04 22:19:23,535 [INFO] 채팅봇: 📊 23350/32674 전송 중 | 💬 @솔나무: 아멘 감사합니다...
2026-05-04 22:19:38,052 [INFO] 채팅봇: 📊 23400/32674 전송 중 | 💬 @퉁라에몽: 이즈 굳...
2026-05-04 22:19:49,123 [INFO] 채팅봇: 📊 23450/32674 전송 중 | 💬 @RB-wm3nh: ㅋㅋㅋㅋㅋㅋㅋㅋㅋㅋㅋ...
2026-05-04 22:20:09,472 [INFO] 채팅봇: 📊 23500/32674 전송 중 | 💬 @cookie12589: :text-green-gam...
2026-05-04 22:20:13,205 [INFO] 채팅봇: 📊 23550/32674 전송 중 | 💬 @황현준-j2l: 페이커지...
2026-05-04 22:20:22,074 [INFO] 채팅봇: 📊 23600/32674 전송 중 | 💬 @White100Ira: 대 상 혁...
2026-05-04 22:20:38,920 [INFO] 채팅봇: 📊 23650/32674 전송 중 | 💬 @이렐리아-c3j: 페이커지...
2026-05-04 22:20:52,182 [INFO] 채팅봇: 📊 23700/32674 전송 중 | 💬 @taewon_0302: 대상혁...
2026-05-04 22:21:07,743 [INFO] 채팅봇: 📊 23750/32674 전송 중 | 💬 @kps6712: 대 상 혁...
2026-05-04 22:21:15,761 [INFO] 채팅봇: 📊 23800/32674 전송 중 | 💬 @백승우-h7j: 대상혁...
2026-05-04 22:21:25,750 [INFO] 채팅봇: 📊 23850/32674 전송 중 | 💬 @뽀쏭하이쳐직이: 아멘...
2026-05-04 22:21:36,606 [INFO] 채팅봇: 📊 23900/32674 전송 중 | 💬 @ohusse53: 대상혁...
2026-05-04 22:21:53,170 [INFO] 채팅봇: 📊 23950/32674 전송 중 | 💬 @asdfghjklkim2696: 대 상 혁...
2026-05-04 22:22:09,185 [INFO] 채팅봇: 📊 24000/32674 전송 중 | 💬 @AAA-mj5js: 앞으로 쵸비에 쵸짜만 꺼내봐...
2026-05-04 22:22:20,676 [INFO] 채팅봇: 📊 24050/32674 전송 중 | 💬 @komja546: 돈많이 들어오게 해주세요...
2026-05-04 22:22:31,104 [INFO] 채팅봇: 📊 24100/32674 전송 중 | 💬 @고양이몇마리: 8년전 미틴...
2026-05-04 22:22:42,173 [INFO] 채팅봇: 📊 24150/32674 전송 중 | 💬 @yonggwanjo8849: THE LOL...
2026-05-04 22:22:56,037 [INFO] 채팅봇: 📊 24200/32674 전송 중 | 💬 @Odyssey-f7l: ADsP합격하게 해주세요...
2026-05-04 22:23:07,976 [INFO] 채팅봇: 📊 24250/32674 전송 중 | 💬 @성균박-y9u: 5번째 스킨ㅅㅏ일러스...
2026-05-04 22:23:17,441 [INFO] 채팅봇: 📊 24300/32674 전송 중 | 💬 @끼-r5h: 인간관계 잘 풀리게 해주세요...
2026-05-04 22:23:30,356 [INFO] 채팅봇: 📊 24350/32674 전송 중 | 💬 @bynn0823: "나야..이상혁..."...
2026-05-04 22:23:41,791 [INFO] 채팅봇: 📊 24400/32674 전송 중 | 💬 @kanyeping: 수능 잘보게 해주세요 :fo...
2026-05-04 22:23:56,416 [INFO] 채팅봇: 📊 24450/32674 전송 중 | 💬 @Amia1o14: 대상혁...
2026-05-04 22:24:07,961 [INFO] 채팅봇: 📊 24500/32674 전송 중 | 💬 @lmh-dwalker: 로또1등맞게해주세요 대상혁...
2026-05-04 22:24:20,837 [INFO] 채팅봇: 📊 24550/32674 전송 중 | 💬 @StarSurge2307: 기목이 전립선에 링거 오예싯...
2026-05-04 22:24:38,226 [INFO] 채팅봇: 📊 24600/32674 전송 중 | 💬 @handclaphyeon: 주현이랑 행복하게 오래오래 ...
2026-05-04 22:24:51,866 [INFO] 채팅봇: 📊 24650/32674 전송 중 | 💬 @babydog9693: 중국 컷~~...
2026-05-04 22:25:03,822 [INFO] 채팅봇: 📊 24700/32674 전송 중 | 💬 @이건뭔가여: 대 상 혁을 우리나라 대통령...
2026-05-04 22:25:17,460 [INFO] 채팅봇: 📊 24750/32674 전송 중 | 💬 @이준녕-u6i: t1 화이팅...
2026-05-04 22:25:27,135 [INFO] 채팅봇: 📊 24800/32674 전송 중 | 💬 @알로알로항-y4k: 대상혁...
2026-05-04 22:25:38,962 [INFO] 채팅봇: 📊 24850/32674 전송 중 | 💬 @뉴에이지아웃로스: 파엠까지 받았네.. 무관력 ...
2026-05-04 22:25:51,944 [INFO] 채팅봇: 📊 24900/32674 전송 중 | 💬 @OO-nr5qr: 성주야 사랑해~...
2026-05-04 22:26:06,943 [INFO] 채팅봇: 📊 24950/32674 전송 중 | 💬 @봄빛-y4q: 구마는 바루스 스킨 한 번 ...
2026-05-04 22:26:23,206 [INFO] 채팅봇: 📊 25000/32674 전송 중 | 💬 @Apliwe: 너 인성폈어...
2026-05-04 22:26:33,665 [INFO] 채팅봇: 📊 25050/32674 전송 중 | 💬 @ssddjj-i2d: 즐겨용...
2026-05-04 22:26:44,534 [INFO] 채팅봇: 📊 25100/32674 전송 중 | 💬 @전재경-e3m: 무탈하게 살게해주세요...
2026-05-04 22:26:56,633 [INFO] 채팅봇: 📊 25150/32674 전송 중 | 💬 @sun-ux6rj: 신께서 말하셨다 즐기라고....
2026-05-04 22:27:07,616 [INFO] 채팅봇: 📊 25200/32674 전송 중 | 💬 @따뜻한망고주스: 드레스 미쳤다...
2026-05-04 22:27:18,815 [INFO] 채팅봇: 📊 25250/32674 전송 중 | 💬 @기억의딜레마: 나레이션 누나 목소리 존나좋...
2026-05-04 22:27:30,280 [INFO] 채팅봇: 📊 25300/32674 전송 중 | 💬 @Shooshoobahnah: 목소리 너무 이쁘다...
2026-05-04 22:27:41,233 [INFO] 채팅봇: 📊 25350/32674 전송 중 | 💬 @옥선이-g6s: 동시통역 고장나기직전이딬ㅋㅋ...
2026-05-04 22:27:52,607 [INFO] 채팅봇: 📊 25400/32674 전송 중 | 💬 @블랙펌프-x7j: 윤가영이랑 다시 만날 수 있...
2026-05-04 22:28:04,864 [INFO] 채팅봇: 📊 25450/32674 전송 중 | 💬 @에겐더리황석고: 눈나 목소리 개좋다...
2026-05-04 22:28:14,876 [INFO] 채팅봇: 📊 25500/32674 전송 중 | 💬 @Hohohohokkja900: 통역 통이유누나인가...
2026-05-04 22:28:26,521 [INFO] 채팅봇: 📊 25550/32674 전송 중 | 💬 @빵식빵-s1p: 페이커 미춋다...
2026-05-04 22:28:38,091 [INFO] 채팅봇: 📊 25600/32674 전송 중 | 💬 @mariokim7914: gg...
2026-05-04 22:28:47,637 [INFO] 채팅봇: 📊 25650/32674 전송 중 | 💬 @begin_: 김유정 사랑한다!!!!!!...
2026-05-04 22:29:00,783 [INFO] 채팅봇: 📊 25700/32674 전송 중 | 💬 @이정재-i8b: 상혁아 사랑한다...
2026-05-04 22:29:13,310 [INFO] 채팅봇: 📊 25750/32674 전송 중 | 💬 @Ko.Sangmin: GG...
2026-05-04 22:29:24,162 [INFO] 채팅봇: 📊 25800/32674 전송 중 | 💬 @뜌뜌-u3e: 레클레스 우승!!...
2026-05-04 22:29:38,244 [INFO] 채팅봇: 📊 25850/32674 전송 중 | 💬 @cosmo1219: 레클레스 스킨줘라...
2026-05-04 22:29:47,771 [INFO] 채팅봇: 📊 25900/32674 전송 중 | 💬 @happykorea7777: 힘내자 내자신...
2026-05-04 22:29:58,919 [INFO] 채팅봇: 📊 25950/32674 전송 중 | 💬 @blank_989: 11월 14일 이제 내가 증...
2026-05-04 22:30:07,964 [INFO] 채팅봇: 📊 26000/32674 전송 중 | 💬 @민-u3q6w:  레클귀엽다 ㅋㅋㅋ...
2026-05-04 22:30:20,858 [INFO] 채팅봇: 📊 26050/32674 전송 중 | 💬 @겨를-p7w: 레클레스도 고생 많았어~~...
2026-05-04 22:30:33,147 [INFO] 채팅봇: 📊 26100/32674 전송 중 | 💬 @ithan6807: lpl은 T1을 이길수 없다...
2026-05-04 22:30:49,089 [INFO] 채팅봇: 📊 26150/32674 전송 중 | 💬 @user-우리집망했어요: 용인에 자사고 가게 해주세요...
2026-05-04 22:31:02,866 [INFO] 채팅봇: 📊 26200/32674 전송 중 | 💬 @SimTheBe: 3연승 가즈아~~~~...
2026-05-04 22:31:18,517 [INFO] 채팅봇: 📊 26250/32674 전송 중 | 💬 @조건우-w9r: 롤체 t1 특성 내줘...
2026-05-04 22:31:31,949 [INFO] 채팅봇: 📊 26300/32674 전송 중 | 💬 @user-fq9sb9vq9e: 진정한 관광 버스 레클 ㅋㅋ...
2026-05-04 22:31:49,676 [INFO] 채팅봇: 📊 26350/32674 전송 중 | 💬 @Ireis430: 서울대가게해주세요...
2026-05-04 22:32:01,809 [INFO] 채팅봇: 📊 26400/32674 전송 중 | 💬 @uj3554: 여자친구 생기게 해주세요...
2026-05-04 22:32:11,878 [INFO] 채팅봇: 📊 26450/32674 전송 중 | 💬 @잉-l1e: 로스쿨 합격하게 해주세요!...
2026-05-04 22:32:25,025 [INFO] 채팅봇: 📊 26500/32674 전송 중 | 💬 @PTAaaaaa: 시험 4년간 잘보게 해주세요...
2026-05-04 22:32:36,573 [INFO] 채팅봇: 📊 26550/32674 전송 중 | 💬 @heykang789: 이장 같누...
2026-05-04 22:32:46,986 [INFO] 채팅봇: 📊 26600/32674 전송 중 | 💬 @almondhari7109: 큰 별은 아니네 5스타는 다...
2026-05-04 22:32:56,119 [INFO] 채팅봇: 📊 26650/32674 전송 중 | 💬 @까꿍이-y9z: 대학 합격하게 해주세요...
2026-05-04 21:55:23,293 [INFO] 채팅봇: 📊 26700/32674 전송 중 | 💬 @kihoonshin3845: 건강하고 하고 있는 일 겪고...
2026-05-04 21:55:35,706 [INFO] 채팅봇: 📊 26750/32674 전송 중 | 💬 @성준-z2p: ㅋㅋㅋ 별이 다섯개~~!!!...
2026-05-04 21:55:46,330 [INFO] 채팅봇: 📊 26800/32674 전송 중 | 💬 @짱구신-l3f: 행복하게 해주세요...
2026-05-04 21:55:57,103 [INFO] 채팅봇: 📊 26850/32674 전송 중 | 💬 @sinhyeenyun2030: 레클햄 성불하싱렀소......
2026-05-04 21:56:07,680 [INFO] 채팅봇: 📊 26900/32674 전송 중 | 💬 @상욱이: 전mu후 무우 크레이지ㅣㅣㅣ...
2026-05-04 21:56:19,108 [INFO] 채팅봇: 📊 26950/32674 전송 중 | 💬 @user-rogbase: 레클레스 ㅋㅋㅋㅋ...
2026-05-04 21:56:31,996 [INFO] 채팅봇: 📊 27000/32674 전송 중 | 💬 @Ahjeon1532: 한 바퀴 빙 돌면 호응 지릴...
2026-05-04 21:56:45,379 [INFO] 채팅봇: 📊 27050/32674 전송 중 | 💬 @user-pl9yo5sg6r: MOI AITI!...
2026-05-04 21:56:56,523 [INFO] 채팅봇: 📊 27100/32674 전송 중 | 💬 @pamatchex3109: goat...
2026-05-04 21:57:10,999 [INFO] 채팅봇: 📊 27150/32674 전송 중 | 💬 @pianovel: 취업 성고하게 해주세요...
2026-05-04 21:57:27,535 [INFO] 채팅봇: 📊 27200/32674 전송 중 | 💬 @wonjikim0: 아리텔 케리아가 끊었구나 ㄷ...
2026-05-04 21:57:41,575 [INFO] 채팅봇: 📊 27250/32674 전송 중 | 💬 @dudotory: 살려줘 ㅋㅋㅋ...
2026-05-04 21:57:52,818 [INFO] 채팅봇: 📊 27300/32674 전송 중 | 💬 @제혁-f1l: 살려조~~~~...
2026-05-04 21:58:14,836 [INFO] 채팅봇: 📊 27350/32674 전송 중 | 💬 @낭만-d6l: 살려조ㅋㅋㅋㅋㅋㅋㅋㅋ...
2026-05-04 21:58:33,795 [INFO] 채팅봇: 📊 27400/32674 전송 중 | 💬 @yougaw-624: 나이사!!...
2026-05-04 21:58:43,015 [INFO] 채팅봇: 📊 27450/32674 전송 중 | 💬 @루돌프녹용따는소리: 별이다섯개~~~~...
2026-05-04 21:58:56,154 [INFO] 채팅봇: 📊 27500/32674 전송 중 | 💬 @고냥이-k5r: 나이스 진짜...
2026-05-04 21:59:09,154 [INFO] 채팅봇: 📊 27550/32674 전송 중 | 💬 @yeong-j2s: 울쿼카 티원3군인뎨 2군가고...
2026-05-04 21:59:20,072 [INFO] 채팅봇: 📊 27600/32674 전송 중 | 💬 @에이비-j4s: 진짜 지렸다 걍 ...
2026-05-04 21:59:31,083 [INFO] 채팅봇: 📊 27650/32674 전송 중 | 💬 @hlj9427: 또대급ㅋㅋㅋㅋ...
2026-05-04 21:59:43,547 [INFO] 채팅봇: 📊 27700/32674 전송 중 | 💬 @룰루랄라-o7n2c: 시험 합격하고 취직 잘하게 ...
2026-05-04 21:59:54,264 [INFO] 채팅봇: 📊 27750/32674 전송 중 | 💬 @15xmas39: 다들 행복하게 해주세요 ㅠㅠ...
2026-05-04 22:00:07,216 [INFO] 채팅봇: 📊 27800/32674 전송 중 | 💬 @Woogoarmy2years: 컴활붙게해주세요...
2026-05-04 22:00:17,244 [INFO] 채팅봇: 📊 27850/32674 전송 중 | 💬 @nightbot: @성승용 -> I'm sor...
2026-05-04 22:00:27,094 [INFO] 채팅봇: 📊 27900/32674 전송 중 | 💬 @김정식-m1s: 대상혁...
2026-05-04 22:00:38,187 [INFO] 채팅봇: 📊 27950/32674 전송 중 | 💬 @Paul_Jeong96: 다들 굳밤...
2026-05-04 22:00:45,918 [INFO] 채팅봇: 📊 28000/32674 전송 중 | 💬 @moyo2342: 애들 재계약 ㅜㅜㅜ빌어봅니당...
2026-05-04 22:00:54,391 [INFO] 채팅봇: 📊 28050/32674 전송 중 | 💬 @DVPELIX: 모두들 고생 많으셨습니다 행...
2026-05-04 22:01:08,244 [INFO] 채팅봇: 📊 28100/32674 전송 중 | 💬 @김병현-s2g: 취업 성공하게 해주세요.....
2026-05-04 22:01:22,885 [INFO] 채팅봇: 📊 28150/32674 전송 중 | 💬 @hoya04_: 중앙대 합격하게 해주세요...
2026-05-04 22:01:35,029 [INFO] 채팅봇: 📊 28200/32674 전송 중 | 💬 @seunghyeonhong52: 부경대 가게 해주세여 ㅈㅂ ...
2026-05-04 22:01:49,412 [INFO] 채팅봇: 📊 28250/32674 전송 중 | 💬 @박현서-v9u: 대학 합격 시켜줘...
2026-05-04 22:02:04,025 [INFO] 채팅봇: 📊 28300/32674 전송 중 | 💬 @최병서-n3k: 파엠 나옴?...
2026-05-04 22:02:16,878 [INFO] 채팅봇: 📊 28350/32674 전송 중 | 💬 @시운-v5l: 퇴근하게 해주세요...
2026-05-04 22:02:30,829 [INFO] 채팅봇: 📊 28400/32674 전송 중 | 💬 @매남-f4x: 돈벌고 퇴사하게해주세요...
2026-05-04 22:02:44,340 [INFO] 채팅봇: 📊 28450/32674 전송 중 | 💬 @Sion-h6u: 유퀴즈에서 특집으로 중계진 ...
2026-05-04 22:02:54,811 [INFO] 채팅봇: 📊 28500/32674 전송 중 | 💬 @안녕하세요1-1: 민서한테 전화 오게 해주세요...
2026-05-04 22:03:11,647 [INFO] 채팅봇: 📊 28550/32674 전송 중 | 💬 @ads-p4r: 스트레스 없이 꽃 많이 걸리...
2026-05-04 22:03:29,257 [INFO] 채팅봇: 📊 28600/32674 전송 중 | 💬 @강철소댕: 여자친구 생기게 해주세요...
2026-05-04 22:03:48,370 [INFO] 채팅봇: 📊 28650/32674 전송 중 | 💬 @kidscafe3192: 다들 행복하세요...
2026-05-04 22:04:05,390 [INFO] 채팅봇: 📊 28700/32674 전송 중 | 💬 @승자-d8h: 롤이제망하겟네 lpl이제망한...
2026-05-04 22:04:32,271 [INFO] 채팅봇: 📊 28750/32674 전송 중 | 💬 @jaejuneseok9071: 다들 행복하세요!...
2026-05-04 22:04:53,155 [INFO] 채팅봇: 📊 28800/32674 전송 중 | 💬 @groundblack: 수능 잘치게 해주세요...
2026-05-04 22:05:17,362 [INFO] 채팅봇: 📊 28850/32674 전송 중 | 💬 @olloo0825: 축하합니다 티원...
2026-05-04 22:05:45,280 [INFO] 채팅봇: 📊 28900/32674 전송 중 | 💬 @x20702: 와 케리아가 텔 끊은게 진짜...
2026-05-04 22:06:02,999 [INFO] 채팅봇: 📊 28950/32674 전송 중 | 💬 @Sinddong: 비엘지 진짜 벤픽 조올라 잘...
2026-05-04 22:06:36,376 [INFO] 채팅봇: 📊 29000/32674 전송 중 | 💬 @흘러가는대로-u4b: 사일 금빛질주가 안나오네...
2026-05-04 22:07:03,926 [INFO] 채팅봇: 📊 29050/32674 전송 중 | 💬 @호있쨔-x1d: 캬...
2026-05-04 22:07:17,974 [INFO] 채팅봇: 📊 29100/32674 전송 중 | 💬 @조간지-w5k: :cross_mark::ho...
2026-05-04 22:07:29,059 [INFO] 채팅봇: 📊 29150/32674 전송 중 | 💬 @00m하얀-k2x1b: 피자...
2026-05-04 22:07:43,225 [INFO] 채팅봇: 📊 29200/32674 전송 중 | 💬 @jw.k9936: 오늘 잠 다 잤노...
2026-05-04 22:08:26,556 [INFO] 채팅봇: 📊 29250/32674 전송 중 | 💬 @osahun123: 오늘 경기 본 내가 승자다...
2026-05-04 22:08:56,393 [INFO] 채팅봇: 📊 29300/32674 전송 중 | 💬 @furs1: 오늘은 고전파 뛰어넘었다...
2026-05-04 22:09:48,446 [INFO] 채팅봇: 📊 29350/32674 전송 중 | 💬 @힝구리퐁퐁-v2j: 대 상 혁...
2026-05-04 22:10:08,603 [INFO] 채팅봇: 📊 29400/32674 전송 중 | 💬 @시게원: 와 이렇게 보니깐 페이커 진...
2026-05-04 22:10:31,509 [INFO] 채팅봇: 📊 29450/32674 전송 중 | 💬 @형진-q5s: 그냥 "롤"의 매드무비네요...
2026-05-04 22:11:02,034 [INFO] 채팅봇: 📊 29500/32674 전송 중 | 💬 @senmorta1556: 영 웅 출 현...
2026-05-04 22:11:29,549 [INFO] 채팅봇: 📊 29550/32674 전송 중 | 💬 @밑바닥천재: 와 월즈결승에서 본인 매드무...
2026-05-04 22:11:53,391 [INFO] 채팅봇: 📊 29600/32674 전송 중 | 💬 @Buckuman-m4c7y: 게임 하이라이트가 거의 페이...
2026-05-04 22:12:07,629 [INFO] 채팅봇: 📊 29650/32674 전송 중 | 💬 @hwangsoyook: 파티자리라서 ㅇㅅㅇ 없고 쾌...
2026-05-04 22:12:19,572 [INFO] 채팅봇: 📊 29700/32674 전송 중 | 💬 @yongseokOwO: 3년연속유승?...
2026-05-04 22:12:40,883 [INFO] 채팅봇: 📊 29750/32674 전송 중 | 💬 @qpppsjeuv10: ????...
2026-05-04 22:13:09,663 [INFO] 채팅봇: 📊 29800/32674 전송 중 | 💬 @hozis3466: 사일러스 내라 상혁아 프레스...
2026-05-04 22:13:21,280 [INFO] 채팅봇: 📊 29850/32674 전송 중 | 💬 @아아아아악-s8g: zzzzzzzzzzzzzzz...
2026-05-04 22:13:34,034 [INFO] 채팅봇: 📊 29900/32674 전송 중 | 💬 @갸아악-x6u: ㅋㅋㅋㅋㅋ...
2026-05-04 22:13:48,391 [INFO] 채팅봇: 📊 29950/32674 전송 중 | 💬 @PYH-z2r: ? 패치 누가했냐...
2026-05-04 22:14:07,510 [INFO] 채팅봇: 📊 30000/32674 전송 중 | 💬 @dpark7272: ai임?...
2026-05-04 22:14:33,672 [INFO] 채팅봇: 📊 30050/32674 전송 중 | 💬 @jdp847: 재밌었다...
2026-05-04 22:15:06,204 [INFO] 채팅봇: 📊 30100/32674 전송 중 | 💬 @reaver3709: 이 울프가 더 호감이면 개추...
2026-05-04 22:15:36,690 [INFO] 채팅봇: 📊 30150/32674 전송 중 | 💬 @ymshin9257: 헬리오스는 졸려...
2026-05-04 22:16:03,560 [INFO] 채팅봇: 📊 30200/32674 전송 중 | 💬 @이굴성: 포니 영포티같이 입고왔네;;...
2026-05-04 22:16:44,003 [INFO] 채팅봇: 📊 30250/32674 전송 중 | 💬 @볼깅-s6g: 페이커 내년까지 계약임 제오...
2026-05-04 22:17:20,413 [INFO] 채팅봇: 📊 30300/32674 전송 중 | 💬 @tTtTtTtTtT-b8v: 포니 자다가 끌려나왔는데 ㅋ...
2026-05-04 22:17:46,526 [INFO] 채팅봇: 📊 30350/32674 전송 중 | 💬 @조성-t8b: 안졸리는뎅~~ㅋㅋㅋ...
2026-05-04 22:18:10,974 [INFO] 채팅봇: 📊 30400/32674 전송 중 | 💬 @중월1: 우제는 모자 못썼네 ㅋㅋ...
2026-05-04 22:18:28,713 [INFO] 채팅봇: 📊 30450/32674 전송 중 | 💬 @Radish965: 잇츠굿~~~~~~~...
2026-05-04 22:18:52,905 [INFO] 채팅봇: 📊 30500/32674 전송 중 | 💬 @쿠투치포: 티쪽이들 ㄱㅇㅇ...
2026-05-04 22:19:11,035 [INFO] 채팅봇: 📊 30550/32674 전송 중 | 💬 @user-lx2lf5dj1w: 대마유시...
2026-05-04 22:19:32,224 [INFO] 채팅봇: 📊 30600/32674 전송 중 | 💬 @Realist00001: 케리아 웃참실패...
2026-05-04 22:19:49,541 [INFO] 채팅봇: 📊 30650/32674 전송 중 | 💬 @comment_night: 케리아 우는데?...
2026-05-04 22:20:04,142 [INFO] 채팅봇: 📊 30700/32674 전송 중 | 💬 @Ahjeon1532: 대상혁...
2026-05-04 22:20:19,648 [INFO] 채팅봇: 📊 30750/32674 전송 중 | 💬 @rudolf6240: 귀여웤ㅋㅋㅋㅋ...
2026-05-04 22:20:34,626 [INFO] 채팅봇: 📊 30800/32674 전송 중 | 💬 @TopreHolic: 바루스?...
2026-05-04 22:20:42,339 [INFO] 채팅봇: 📊 30850/32674 전송 중 | 💬 @lmh-dwalker: 응 진이야~~~~~~~~~...
2026-05-04 22:20:56,782 [INFO] 채팅봇: 📊 30900/32674 전송 중 | 💬 @처리처리야: 자신에게 엄격한 페이커...
2026-05-04 22:21:09,523 [INFO] 채팅봇: 📊 30950/32674 전송 중 | 💬 @오구킹구: ?...
2026-05-04 22:21:22,125 [INFO] 채팅봇: 📊 31000/32674 전송 중 | 💬 @단풍잎-y1u: 고전파시절...
2026-05-04 22:21:42,963 [INFO] 채팅봇: 📊 31050/32674 전송 중 | 💬 @kimjidong4565: 숭배합시다...
2026-05-04 22:22:06,092 [INFO] 채팅봇: 📊 31100/32674 전송 중 | 💬 @이재산-v9t: 다 끄덕거리는거 개웃기네...
2026-05-04 22:22:24,082 [INFO] 채팅봇: 📊 31150/32674 전송 중 | 💬 @악의펭귄: 레클리스 왔냐구우우우우!...
2026-05-04 22:22:39,283 [INFO] 채팅봇: 📊 31200/32674 전송 중 | 💬 @Cortar100: 레클레스 ㅋㅋㅋ...
2026-05-04 22:22:50,121 [INFO] 채팅봇: 📊 31250/32674 전송 중 | 💬 @gyu_cats5526: 레클레스우승!!!...
2026-05-04 22:23:05,420 [INFO] 채팅봇: 📊 31300/32674 전송 중 | 💬 @SylphK: ㅋㅋㅋㅋㅋ...
2026-05-04 22:23:21,140 [INFO] 채팅봇: 📊 31350/32674 전송 중 | 💬 @kimgeonhu-s5z: ㅋㅋㅋㅋㅋㅋㅋㅋㅋㅋ...
2026-05-04 22:23:46,368 [INFO] 채팅봇: 📊 31400/32674 전송 중 | 💬 @NickAhn: 인터뷰가 왜이리 무안하고 민...
2026-05-04 22:24:04,979 [INFO] 채팅봇: 📊 31450/32674 전송 중 | 💬 @이정한-o9b: 우리팀 정말 멘탈 강하다 첫...
2026-05-04 22:24:27,945 [INFO] 채팅봇: 📊 31500/32674 전송 중 | 💬 @oioioooo000oo: 이걸 왜번역?...
2026-05-04 22:24:43,639 [INFO] 채팅봇: 📊 31550/32674 전송 중 | 💬 @찍찍찍찍찍-z7q: 레클레스도 우리 티원 가족이...
2026-05-04 22:24:57,354 [INFO] 채팅봇: 📊 31600/32674 전송 중 | 💬 @개-l2c: 우제는???...
2026-05-04 22:25:07,964 [INFO] 채팅봇: 📊 31650/32674 전송 중 | 💬 @user-silverS2: 멋지다...
2026-05-04 22:25:19,568 [INFO] 채팅봇: 📊 31700/32674 전송 중 | 💬 @Jun09182: 뭔 진행 드립이야 그냥 봐 ...
2026-05-04 22:25:33,897 [INFO] 채팅봇: 📊 31750/32674 전송 중 | 💬 @심무무: 배뇨 실신증 ㅋㅋㅋㅋㅋㅋ...
2026-05-04 22:25:58,600 [INFO] 채팅봇: 📊 31800/32674 전송 중 | 💬 @도울람-j8f: 나 ㄴㅈ...
2026-05-04 22:26:21,263 [INFO] 채팅봇: 📊 31850/32674 전송 중 | 💬 @림3: 여성분 ㄴㄱ?...
2026-05-04 22:26:39,935 [INFO] 채팅봇: 📊 31900/32674 전송 중 | 💬 @레오-s9u: ㅋㅋㅋ여자애 졸려하노 ㅋㅋㅋ...
2026-05-04 22:27:08,879 [INFO] 채팅봇: 📊 31950/32674 전송 중 | 💬 @angelicproject1004: 저 포니도 페이커와 대결을 ...
2026-05-04 22:27:49,281 [INFO] 채팅봇: 📊 32000/32674 전송 중 | 💬 @뻑군형: 감사합니다 행복했습니다...
2026-05-04 22:28:18,357 [INFO] 채팅봇: 📊 32050/32674 전송 중 | 💬 @nightbot: @비흔 -> Beep! [s...
2026-05-04 22:28:58,397 [INFO] 채팅봇: 📊 32100/32674 전송 중 | 💬 @공혁준-b2r: T1 사랑합니다...
2026-05-04 22:29:47,600 [INFO] 채팅봇: 📊 32150/32674 전송 중 | 💬 @진진-w4f1m: 역체롤 바뀜 2016 페이커...
2026-05-04 22:29:58,829 [INFO] 채팅봇: 📊 32200/32674 전송 중 | 💬 @우리가처음만난날: ㅂㅂㅂㅂ...
2026-05-04 22:30:10,357 [INFO] 채팅봇: 📊 32250/32674 전송 중 | 💬 @김정훈-j1h3j: 왕관지켰다 자자...
2026-05-04 22:30:20,163 [INFO] 채팅봇: 📊 32300/32674 전송 중 | 💬 @nameless0987: 월즈 최고의 음악이면 개추 ...
2026-05-04 22:30:31,990 [INFO] 채팅봇: 📊 32350/32674 전송 중 | 💬 @노동현-v7i: 굿모닝...
2026-05-04 22:30:50,707 [INFO] 채팅봇: 📊 32400/32674 전송 중 | 💬 @설단-u4t: ㅋㅋㅋㅋㅋㅋ웃어?...
2026-05-04 22:31:08,037 [INFO] 채팅봇: 📊 32450/32674 전송 중 | 💬 @nightbot: @앎 Knownee -> H...
2026-05-04 22:31:29,161 [INFO] 채팅봇: 📊 32500/32674 전송 중 | 💬 @dltldks-g9p: 티원 우승 축하해...
2026-05-04 22:31:52,695 [INFO] 채팅봇: 📊 32550/32674 전송 중 | 💬 @yusufsufsuf-xy1uo: 재밌었댜...
2026-05-04 22:32:00,997 [INFO] 채팅봇: 📊 32600/32674 전송 중 | 💬 @Kyle-q7r: 4시드 ㅋㅋㅋㅋㅋ 개쩜ㅋㅋㅋ...
2026-05-04 22:32:11,185 [INFO] 채팅봇: 📊 32650/32674 전송 중 | 💬 @sirasony0319: 제우스 무슨일?...
2026-05-04 22:32:17,892 [INFO] 채팅봇: ✅  채팅 송출 완료!
